# JRE version: OpenJDK Runtime Environment Temurin-17.0.10+7 (17.0.10+7) (build 17.0.10+7)
# Java VM: OpenJDK 64-Bit Server VM Temurin-17.0.10+7 (17.0.10+7, mixed mode, tiered, compressed oops, compressed class ptrs, parallel gc, linux-amd64)
GC Precious Log:
 CPUs: 8 total, 8 available
 Memory: 6857M
 Large Page Support: Disabled
 NUMA Support: Disabled
 Compressed Oops: Enabled (32-bit)
 Alignments: Space 512K, Generation 512K, Heap 2M
 Heap Min Capacity: 100M
 Heap Initial Capacity: 100M
 Heap Max Capacity: 1G
 Pre-touch: Disabled
 Parallel Workers: 8
Heap:
 PSYoungGen      total 5120K, used 5090K [0x00000000eab00000, 0x00000000eb300000, 0x0000000100000000)
  eden space 4608K, 100% used [0x00000000eab00000,0x00000000eaf80000,0x00000000eaf80000)
  from space 512K, 94% used [0x00000000eb280000,0x00000000eb2f8928,0x00000000eb300000)
  to   space 512K, 97% used [0x00000000eb200000,0x00000000eb27c918,0x00000000eb280000)
 ParOldGen       total 94208K, used 94085K [0x00000000c0000000, 0x00000000c5c00000, 0x00000000eab00000)
  object space 94208K, 99% used [0x00000000c0000000,0x00000000c5be14b8,0x00000000c5c00000)
 Metaspace       used 70254K, committed 71424K, reserved 1114112K
  class space    used 7476K, committed 8000K, reserved 1048576K
GC Heap History (20 events):
Event: 14,985 GC heap before
{Heap before GC invocations=48 (full 4):
 PSYoungGen      total 6656K, used 6496K [0x00000000eab00000, 0x00000000ebb00000, 0x0000000100000000)
  eden space 4096K, 100% used [0x00000000eab00000,0x00000000eaf00000,0x00000000eaf00000)
  from space 2560K, 93% used [0x00000000eb880000,0x00000000ebad8000,0x00000000ebb00000)
  to   space 3584K, 0% used [0x00000000eb400000,0x00000000eb400000,0x00000000eb780000)
 ParOldGen       total 94208K, used 80097K [0x00000000c0000000, 0x00000000c5c00000, 0x00000000eab00000)
  object space 94208K, 85% used [0x00000000c0000000,0x00000000c4e38500,0x00000000c5c00000)
 Metaspace       used 68101K, committed 69184K, reserved 1114112K
  class space    used 7233K, committed 7680K, reserved 1048576K
}
Event: 14,990 GC heap after
{Heap after GC invocations=48 (full 4):
 PSYoungGen      total 8704K, used 3264K [0x00000000eab00000, 0x00000000eb900000, 0x0000000100000000)
  eden space 5120K, 0% used [0x00000000eab00000,0x00000000eab00000,0x00000000eb000000)
  from space 3584K, 91% used [0x00000000eb400000,0x00000000eb730000,0x00000000eb780000)
  to   space 1536K, 0% used [0x00000000eb780000,0x00000000eb780000,0x00000000eb900000)
 ParOldGen       total 94208K, used 82433K [0x00000000c0000000, 0x00000000c5c00000, 0x00000000eab00000)
  object space 94208K, 87% used [0x00000000c0000000,0x00000000c5080500,0x00000000c5c00000)
 Metaspace       used 68101K, committed 69184K, reserved 1114112K
  class space    used 7233K, committed 7680K, reserved 1048576K
}
Event: 15,010 GC heap before
{Heap before GC invocations=49 (full 4):
 PSYoungGen      total 8704K, used 8384K [0x00000000eab00000, 0x00000000eb900000, 0x0000000100000000)
  eden space 5120K, 100% used [0x00000000eab00000,0x00000000eb000000,0x00000000eb000000)
  from space 3584K, 91% used [0x00000000eb400000,0x00000000eb730000,0x00000000eb780000)
  to   space 1536K, 0% used [0x00000000eb780000,0x00000000eb780000,0x00000000eb900000)
 ParOldGen       total 94208K, used 82433K [0x00000000c0000000, 0x00000000c5c00000, 0x00000000eab00000)
  object space 94208K, 87% used [0x00000000c0000000,0x00000000c5080500,0x00000000c5c00000)
 Metaspace       used 68101K, committed 69184K, reserved 1114112K
  class space    used 7233K, committed 7680K, reserved 1048576K
}
Event: 15,014 GC heap after
{Heap after GC invocations=49 (full 4):
 PSYoungGen      total 6144K, used 1536K [0x00000000eab00000, 0x00000000ec180000, 0x0000000100000000)
  eden space 4608K, 0% used [0x00000000eab00000,0x00000000eab00000,0x00000000eaf80000)
  from space 1536K, 100% used [0x00000000eb780000,0x00000000eb900000,0x00000000eb900000)
  to   space 8192K, 0% used [0x00000000eaf80000,0x00000000eaf80000,0x00000000eb780000)
 ParOldGen       total 94208K, used 87969K [0x00000000c0000000, 0x00000000c5c00000, 0x00000000eab00000)
  object space 94208K, 93% used [0x00000000c0000000,0x00000000c55e8500,0x00000000c5c00000)
 Metaspace       used 68101K, committed 69184K, reserved 1114112K
  class space    used 7233K, committed 7680K, reserved 1048576K
}
Event: 16,733 GC heap before
{Heap before GC invocations=50 (full 4):
 PSYoungGen      total 6144K, used 6144K [0x00000000eab00000, 0x00000000ec180000, 0x0000000100000000)
  eden space 4608K, 100% used [0x00000000eab00000,0x00000000eaf80000,0x00000000eaf80000)
  from space 1536K, 100% used [0x00000000eb780000,0x00000000eb900000,0x00000000eb900000)
  to   space 8192K, 0% used [0x00000000eaf80000,0x00000000eaf80000,0x00000000eb780000)
 ParOldGen       total 94208K, used 87969K [0x00000000c0000000, 0x00000000c5c00000, 0x00000000eab00000)
  object space 94208K, 93% used [0x00000000c0000000,0x00000000c55e8500,0x00000000c5c00000)
 Metaspace       used 68308K, committed 69440K, reserved 1114112K
  class space    used 7260K, committed 7744K, reserved 1048576K
}
Event: 16,738 GC heap after
{Heap after GC invocations=50 (full 4):
 PSYoungGen      total 7168K, used 2208K [0x00000000eab00000, 0x00000000eb800000, 0x0000000100000000)
  eden space 4608K, 0% used [0x00000000eab00000,0x00000000eab00000,0x00000000eaf80000)
  from space 2560K, 86% used [0x00000000eaf80000,0x00000000eb1a8000,0x00000000eb200000)
  to   space 4096K, 0% used [0x00000000eb400000,0x00000000eb400000,0x00000000eb800000)
 ParOldGen       total 94208K, used 89529K [0x00000000c0000000, 0x00000000c5c00000, 0x00000000eab00000)
  object space 94208K, 95% used [0x00000000c0000000,0x00000000c576e500,0x00000000c5c00000)
 Metaspace       used 68308K, committed 69440K, reserved 1114112K
  class space    used 7260K, committed 7744K, reserved 1048576K
}
Event: 16,852 GC heap before
{Heap before GC invocations=51 (full 4):
 PSYoungGen      total 7168K, used 6798K [0x00000000eab00000, 0x00000000eb800000, 0x0000000100000000)
  eden space 4608K, 99% used [0x00000000eab00000,0x00000000eaf7bae0,0x00000000eaf80000)
  from space 2560K, 86% used [0x00000000eaf80000,0x00000000eb1a8000,0x00000000eb200000)
  to   space 4096K, 0% used [0x00000000eb400000,0x00000000eb400000,0x00000000eb800000)
 ParOldGen       total 94208K, used 89529K [0x00000000c0000000, 0x00000000c5c00000, 0x00000000eab00000)
  object space 94208K, 95% used [0x00000000c0000000,0x00000000c576e500,0x00000000c5c00000)
 Metaspace       used 68497K, committed 69632K, reserved 1114112K
  class space    used 7272K, committed 7744K, reserved 1048576K
}
Event: 16,856 GC heap after
{Heap after GC invocations=51 (full 4):
 PSYoungGen      total 6144K, used 1388K [0x00000000eab00000, 0x00000000eb580000, 0x0000000100000000)
  eden space 4608K, 0% used [0x00000000eab00000,0x00000000eab00000,0x00000000eaf80000)
  from space 1536K, 90% used [0x00000000eb400000,0x00000000eb55b340,0x00000000eb580000)
  to   space 2048K, 0% used [0x00000000eb180000,0x00000000eb180000,0x00000000eb380000)
 ParOldGen       total 94208K, used 91441K [0x00000000c0000000, 0x00000000c5c00000, 0x00000000eab00000)
  object space 94208K, 97% used [0x00000000c0000000,0x00000000c594c6b0,0x00000000c5c00000)
 Metaspace       used 68497K, committed 69632K, reserved 1114112K
  class space    used 7272K, committed 7744K, reserved 1048576K
}
Event: 17,001 GC heap before
{Heap before GC invocations=52 (full 4):
 PSYoungGen      total 6144K, used 5996K [0x00000000eab00000, 0x00000000eb580000, 0x0000000100000000)
  eden space 4608K, 100% used [0x00000000eab00000,0x00000000eaf80000,0x00000000eaf80000)
  from space 1536K, 90% used [0x00000000eb400000,0x00000000eb55b340,0x00000000eb580000)
  to   space 2048K, 0% used [0x00000000eb180000,0x00000000eb180000,0x00000000eb380000)
 ParOldGen       total 94208K, used 91441K [0x00000000c0000000, 0x00000000c5c00000, 0x00000000eab00000)
  object space 94208K, 97% used [0x00000000c0000000,0x00000000c594c6b0,0x00000000c5c00000)
 Metaspace       used 69103K, committed 70272K, reserved 1114112K
  class space    used 7340K, committed 7808K, reserved 1048576K
}
Event: 17,005 GC heap after
{Heap after GC invocations=52 (full 4):
 PSYoungGen      total 5632K, used 672K [0x00000000eab00000, 0x00000000eb480000, 0x0000000100000000)
  eden space 4608K, 0% used [0x00000000eab00000,0x00000000eab00000,0x00000000eaf80000)
  from space 1024K, 65% used [0x00000000eb180000,0x00000000eb228020,0x00000000eb280000)
  to   space 1536K, 0% used [0x00000000eb300000,0x00000000eb300000,0x00000000eb480000)
 ParOldGen       total 94208K, used 92137K [0x00000000c0000000, 0x00000000c5c00000, 0x00000000eab00000)
  object space 94208K, 97% used [0x00000000c0000000,0x00000000c59fa610,0x00000000c5c00000)
 Metaspace       used 69103K, committed 70272K, reserved 1114112K
  class space    used 7340K, committed 7808K, reserved 1048576K
}
Event: 17,087 GC heap before
{Heap before GC invocations=53 (full 4):
 PSYoungGen      total 5632K, used 5276K [0x00000000eab00000, 0x00000000eb480000, 0x0000000100000000)
  eden space 4608K, 99% used [0x00000000eab00000,0x00000000eaf7f2a8,0x00000000eaf80000)
  from space 1024K, 65% used [0x00000000eb180000,0x00000000eb228020,0x00000000eb280000)
  to   space 1536K, 0% used [0x00000000eb300000,0x00000000eb300000,0x00000000eb480000)
 ParOldGen       total 94208K, used 92137K [0x00000000c0000000, 0x00000000c5c00000, 0x00000000eab00000)
  object space 94208K, 97% used [0x00000000c0000000,0x00000000c59fa610,0x00000000c5c00000)
 Metaspace       used 69540K, committed 70784K, reserved 1114112K
  class space    used 7416K, committed 7936K, reserved 1048576K
}
Event: 17,089 GC heap after
{Heap after GC invocations=53 (full 4):
 PSYoungGen      total 5632K, used 944K [0x00000000eab00000, 0x00000000eb400000, 0x0000000100000000)
  eden space 4608K, 0% used [0x00000000eab00000,0x00000000eab00000,0x00000000eaf80000)
  from space 1024K, 92% used [0x00000000eb300000,0x00000000eb3ec030,0x00000000eb400000)
  to   space 1024K, 0% used [0x00000000eb180000,0x00000000eb180000,0x00000000eb280000)
 ParOldGen       total 94208K, used 92633K [0x00000000c0000000, 0x00000000c5c00000, 0x00000000eab00000)
  object space 94208K, 98% used [0x00000000c0000000,0x00000000c5a76590,0x00000000c5c00000)
 Metaspace       used 69540K, committed 70784K, reserved 1114112K
  class space    used 7416K, committed 7936K, reserved 1048576K
}
Event: 17,199 GC heap before
{Heap before GC invocations=54 (full 4):
 PSYoungGen      total 5632K, used 5552K [0x00000000eab00000, 0x00000000eb400000, 0x0000000100000000)
  eden space 4608K, 100% used [0x00000000eab00000,0x00000000eaf80000,0x00000000eaf80000)
  from space 1024K, 92% used [0x00000000eb300000,0x00000000eb3ec030,0x00000000eb400000)
  to   space 1024K, 0% used [0x00000000eb180000,0x00000000eb180000,0x00000000eb280000)
 ParOldGen       total 94208K, used 92633K [0x00000000c0000000, 0x00000000c5c00000, 0x00000000eab00000)
  object space 94208K, 98% used [0x00000000c0000000,0x00000000c5a76590,0x00000000c5c00000)
 Metaspace       used 69723K, committed 70912K, reserved 1114112K
  class space    used 7423K, committed 7936K, reserved 1048576K
}
Event: 17,201 GC heap after
{Heap after GC invocations=54 (full 4):
 PSYoungGen      total 5632K, used 656K [0x00000000eab00000, 0x00000000eb380000, 0x0000000100000000)
  eden space 4608K, 0% used [0x00000000eab00000,0x00000000eab00000,0x00000000eaf80000)
  from space 1024K, 64% used [0x00000000eb180000,0x00000000eb224030,0x00000000eb280000)
  to   space 1024K, 0% used [0x00000000eb280000,0x00000000eb280000,0x00000000eb380000)
 ParOldGen       total 94208K, used 92841K [0x00000000c0000000, 0x00000000c5c00000, 0x00000000eab00000)
  object space 94208K, 98% used [0x00000000c0000000,0x00000000c5aaa590,0x00000000c5c00000)
 Metaspace       used 69723K, committed 70912K, reserved 1114112K
  class space    used 7423K, committed 7936K, reserved 1048576K
}
Event: 32,359 GC heap before
{Heap before GC invocations=55 (full 4):
 PSYoungGen      total 5632K, used 5263K [0x00000000eab00000, 0x00000000eb380000, 0x0000000100000000)
  eden space 4608K, 99% used [0x00000000eab00000,0x00000000eaf7ff98,0x00000000eaf80000)
  from space 1024K, 64% used [0x00000000eb180000,0x00000000eb224030,0x00000000eb280000)
  to   space 1024K, 0% used [0x00000000eb280000,0x00000000eb280000,0x00000000eb380000)
 ParOldGen       total 94208K, used 92841K [0x00000000c0000000, 0x00000000c5c00000, 0x00000000eab00000)
  object space 94208K, 98% used [0x00000000c0000000,0x00000000c5aaa590,0x00000000c5c00000)
 Metaspace       used 69847K, committed 71040K, reserved 1114112K
  class space    used 7423K, committed 7936K, reserved 1048576K
}
Event: 32,361 GC heap after
{Heap after GC invocations=55 (full 4):
 PSYoungGen      total 5120K, used 192K [0x00000000eab00000, 0x00000000eb300000, 0x0000000100000000)
  eden space 4608K, 0% used [0x00000000eab00000,0x00000000eab00000,0x00000000eaf80000)
  from space 512K, 37% used [0x00000000eb280000,0x00000000eb2b0000,0x00000000eb300000)
  to   space 512K, 0% used [0x00000000eb200000,0x00000000eb200000,0x00000000eb280000)
 ParOldGen       total 94208K, used 92969K [0x00000000c0000000, 0x00000000c5c00000, 0x00000000eab00000)
  object space 94208K, 98% used [0x00000000c0000000,0x00000000c5aca5b0,0x00000000c5c00000)
 Metaspace       used 69847K, committed 71040K, reserved 1114112K
  class space    used 7423K, committed 7936K, reserved 1048576K
}
Event: 39,154 GC heap before
{Heap before GC invocations=56 (full 4):
 PSYoungGen      total 5120K, used 4800K [0x00000000eab00000, 0x00000000eb300000, 0x0000000100000000)
  eden space 4608K, 100% used [0x00000000eab00000,0x00000000eaf80000,0x00000000eaf80000)
  from space 512K, 37% used [0x00000000eb280000,0x00000000eb2b0000,0x00000000eb300000)
  to   space 512K, 0% used [0x00000000eb200000,0x00000000eb200000,0x00000000eb280000)
 ParOldGen       total 94208K, used 92969K [0x00000000c0000000, 0x00000000c5c00000, 0x00000000eab00000)
  object space 94208K, 98% used [0x00000000c0000000,0x00000000c5aca5b0,0x00000000c5c00000)
 Metaspace       used 70133K, committed 71296K, reserved 1114112K
  class space    used 7471K, committed 7936K, reserved 1048576K
}
Event: 39,155 GC heap after
{Heap after GC invocations=56 (full 4):
 PSYoungGen      total 5120K, used 480K [0x00000000eab00000, 0x00000000eb300000, 0x0000000100000000)
  eden space 4608K, 0% used [0x00000000eab00000,0x00000000eab00000,0x00000000eaf80000)
  from space 512K, 93% used [0x00000000eb200000,0x00000000eb278020,0x00000000eb280000)
  to   space 512K, 0% used [0x00000000eb280000,0x00000000eb280000,0x00000000eb300000)
 ParOldGen       total 94208K, used 93025K [0x00000000c0000000, 0x00000000c5c00000, 0x00000000eab00000)
  object space 94208K, 98% used [0x00000000c0000000,0x00000000c5ad85b0,0x00000000c5c00000)
 Metaspace       used 70133K, committed 71296K, reserved 1114112K
  class space    used 7471K, committed 7936K, reserved 1048576K
}
Event: 42,205 GC heap before
{Heap before GC invocations=57 (full 4):
 PSYoungGen      total 5120K, used 5088K [0x00000000eab00000, 0x00000000eb300000, 0x0000000100000000)
  eden space 4608K, 100% used [0x00000000eab00000,0x00000000eaf80000,0x00000000eaf80000)
  from space 512K, 93% used [0x00000000eb200000,0x00000000eb278020,0x00000000eb280000)
  to   space 512K, 0% used [0x00000000eb280000,0x00000000eb280000,0x00000000eb300000)
 ParOldGen       total 94208K, used 93025K [0x00000000c0000000, 0x00000000c5c00000, 0x00000000eab00000)
  object space 94208K, 98% used [0x00000000c0000000,0x00000000c5ad85b0,0x00000000c5c00000)
 Metaspace       used 70228K, committed 71424K, reserved 1114112K
  class space    used 7476K, committed 8000K, reserved 1048576K
}
Event: 42,211 GC heap after
{Heap after GC invocations=57 (full 4):
 PSYoungGen      total 5120K, used 482K [0x00000000eab00000, 0x00000000eb300000, 0x0000000100000000)
  eden space 4608K, 0% used [0x00000000eab00000,0x00000000eab00000,0x00000000eaf80000)
  from space 512K, 94% used [0x00000000eb280000,0x00000000eb2f8928,0x00000000eb300000)
  to   space 512K, 0% used [0x00000000eb200000,0x00000000eb200000,0x00000000eb280000)
 ParOldGen       total 94208K, used 93249K [0x00000000c0000000, 0x00000000c5c00000, 0x00000000eab00000)
  object space 94208K, 98% used [0x00000000c0000000,0x00000000c5b105b0,0x00000000c5c00000)
 Metaspace       used 70228K, committed 71424K, reserved 1114112K
  class space    used 7476K, committed 8000K, reserved 1048576K
}

