# JRE version: OpenJDK Runtime Environment Temurin-17.0.10+7 (17.0.10+7) (build 17.0.10+7)
# Java VM: OpenJDK 64-Bit Server VM Temurin-17.0.10+7 (17.0.10+7, mixed mode, tiered, compressed oops, compressed class ptrs, parallel gc, linux-amd64)
GC Precious Log:
 CPUs: 8 total, 8 available
 Memory: 6857M
 Large Page Support: Disabled
 NUMA Support: Disabled
 Compressed Oops: Enabled (32-bit)
 Alignments: Space 512K, Generation 512K, Heap 2M
 Heap Min Capacity: 100M
 Heap Initial Capacity: 100M
 Heap Max Capacity: 1G
 Pre-touch: Disabled
 Parallel Workers: 8
Heap:
 PSYoungGen      total 25088K, used 24775K [0x00000000eab00000, 0x00000000ecf00000, 0x0000000100000000)
  eden space 16384K, 100% used [0x00000000eab00000,0x00000000ebb00000,0x00000000ebb00000)
  from space 8704K, 96% used [0x00000000ec680000,0x00000000eceb1c80,0x00000000ecf00000)
  to   space 9728K, 99% used [0x00000000ebc00000,0x00000000ec57bdf8,0x00000000ec580000)
 ParOldGen       total 193536K, used 191979K [0x00000000c0000000, 0x00000000cbd00000, 0x00000000eab00000)
  object space 193536K, 99% used [0x00000000c0000000,0x00000000cbb7adf8,0x00000000cbd00000)
 Metaspace       used 69409K, committed 70592K, reserved 1114112K
  class space    used 7540K, committed 8064K, reserved 1048576K
GC Heap History (20 events):
Event: 15,895 GC heap after
{Heap after GC invocations=94 (full 7):
 PSYoungGen      total 13824K, used 5094K [0x00000000eab00000, 0x00000000ec100000, 0x0000000100000000)
  eden space 8704K, 0% used [0x00000000eab00000,0x00000000eab00000,0x00000000eb380000)
  from space 5120K, 99% used [0x00000000eb380000,0x00000000eb879a58,0x00000000eb880000)
  to   space 6656K, 0% used [0x00000000eba80000,0x00000000eba80000,0x00000000ec100000)
 ParOldGen       total 193536K, used 168563K [0x00000000c0000000, 0x00000000cbd00000, 0x00000000eab00000)
  object space 193536K, 87% used [0x00000000c0000000,0x00000000ca49cf38,0x00000000cbd00000)
 Metaspace       used 69409K, committed 70592K, reserved 1114112K
  class space    used 7540K, committed 8064K, reserved 1048576K
}
Event: 15,942 GC heap before
{Heap before GC invocations=95 (full 7):
 PSYoungGen      total 13824K, used 13798K [0x00000000eab00000, 0x00000000ec100000, 0x0000000100000000)
  eden space 8704K, 100% used [0x00000000eab00000,0x00000000eb380000,0x00000000eb380000)
  from space 5120K, 99% used [0x00000000eb380000,0x00000000eb879a58,0x00000000eb880000)
  to   space 6656K, 0% used [0x00000000eba80000,0x00000000eba80000,0x00000000ec100000)
 ParOldGen       total 193536K, used 168563K [0x00000000c0000000, 0x00000000cbd00000, 0x00000000eab00000)
  object space 193536K, 87% used [0x00000000c0000000,0x00000000ca49cf38,0x00000000cbd00000)
 Metaspace       used 69409K, committed 70592K, reserved 1114112K
  class space    used 7540K, committed 8064K, reserved 1048576K
}
Event: 15,946 GC heap after
{Heap after GC invocations=95 (full 7):
 PSYoungGen      total 14848K, used 4945K [0x00000000eab00000, 0x00000000ebf80000, 0x0000000100000000)
  eden space 9728K, 0% used [0x00000000eab00000,0x00000000eab00000,0x00000000eb480000)
  from space 5120K, 96% used [0x00000000eba80000,0x00000000ebf54680,0x00000000ebf80000)
  to   space 5632K, 0% used [0x00000000eb480000,0x00000000eb480000,0x00000000eba00000)
 ParOldGen       total 193536K, used 170751K [0x00000000c0000000, 0x00000000cbd00000, 0x00000000eab00000)
  object space 193536K, 88% used [0x00000000c0000000,0x00000000ca6bfd90,0x00000000cbd00000)
 Metaspace       used 69409K, committed 70592K, reserved 1114112K
  class space    used 7540K, committed 8064K, reserved 1048576K
}
Event: 16,002 GC heap before
{Heap before GC invocations=96 (full 7):
 PSYoungGen      total 14848K, used 14673K [0x00000000eab00000, 0x00000000ebf80000, 0x0000000100000000)
  eden space 9728K, 100% used [0x00000000eab00000,0x00000000eb480000,0x00000000eb480000)
  from space 5120K, 96% used [0x00000000eba80000,0x00000000ebf54680,0x00000000ebf80000)
  to   space 5632K, 0% used [0x00000000eb480000,0x00000000eb480000,0x00000000eba00000)
 ParOldGen       total 193536K, used 170751K [0x00000000c0000000, 0x00000000cbd00000, 0x00000000eab00000)
  object space 193536K, 88% used [0x00000000c0000000,0x00000000ca6bfd90,0x00000000cbd00000)
 Metaspace       used 69409K, committed 70592K, reserved 1114112K
  class space    used 7540K, committed 8064K, reserved 1048576K
}
Event: 16,007 GC heap after
{Heap after GC invocations=96 (full 7):
 PSYoungGen      total 15360K, used 5601K [0x00000000eab00000, 0x00000000ec480000, 0x0000000100000000)
  eden space 9728K, 0% used [0x00000000eab00000,0x00000000eab00000,0x00000000eb480000)
  from space 5632K, 99% used [0x00000000eb480000,0x00000000eb9f8600,0x00000000eba00000)
  to   space 7680K, 0% used [0x00000000ebd00000,0x00000000ebd00000,0x00000000ec480000)
 ParOldGen       total 193536K, used 172415K [0x00000000c0000000, 0x00000000cbd00000, 0x00000000eab00000)
  object space 193536K, 89% used [0x00000000c0000000,0x00000000ca85ffe8,0x00000000cbd00000)
 Metaspace       used 69409K, committed 70592K, reserved 1114112K
  class space    used 7540K, committed 8064K, reserved 1048576K
}
Event: 16,054 GC heap before
{Heap before GC invocations=97 (full 7):
 PSYoungGen      total 15360K, used 15329K [0x00000000eab00000, 0x00000000ec480000, 0x0000000100000000)
  eden space 9728K, 100% used [0x00000000eab00000,0x00000000eb480000,0x00000000eb480000)
  from space 5632K, 99% used [0x00000000eb480000,0x00000000eb9f8600,0x00000000eba00000)
  to   space 7680K, 0% used [0x00000000ebd00000,0x00000000ebd00000,0x00000000ec480000)
 ParOldGen       total 193536K, used 172415K [0x00000000c0000000, 0x00000000cbd00000, 0x00000000eab00000)
  object space 193536K, 89% used [0x00000000c0000000,0x00000000ca85ffe8,0x00000000cbd00000)
 Metaspace       used 69409K, committed 70592K, reserved 1114112K
  class space    used 7540K, committed 8064K, reserved 1048576K
}
Event: 16,060 GC heap after
{Heap after GC invocations=97 (full 7):
 PSYoungGen      total 16384K, used 5572K [0x00000000eab00000, 0x00000000ec280000, 0x0000000100000000)
  eden space 10752K, 0% used [0x00000000eab00000,0x00000000eab00000,0x00000000eb580000)
  from space 5632K, 98% used [0x00000000ebd00000,0x00000000ec2712d0,0x00000000ec280000)
  to   space 6656K, 0% used [0x00000000eb580000,0x00000000eb580000,0x00000000ebc00000)
 ParOldGen       total 193536K, used 174654K [0x00000000c0000000, 0x00000000cbd00000, 0x00000000eab00000)
  object space 193536K, 90% used [0x00000000c0000000,0x00000000caa8f918,0x00000000cbd00000)
 Metaspace       used 69409K, committed 70592K, reserved 1114112K
  class space    used 7540K, committed 8064K, reserved 1048576K
}
Event: 16,110 GC heap before
{Heap before GC invocations=98 (full 7):
 PSYoungGen      total 16384K, used 16324K [0x00000000eab00000, 0x00000000ec280000, 0x0000000100000000)
  eden space 10752K, 100% used [0x00000000eab00000,0x00000000eb580000,0x00000000eb580000)
  from space 5632K, 98% used [0x00000000ebd00000,0x00000000ec2712d0,0x00000000ec280000)
  to   space 6656K, 0% used [0x00000000eb580000,0x00000000eb580000,0x00000000ebc00000)
 ParOldGen       total 193536K, used 174654K [0x00000000c0000000, 0x00000000cbd00000, 0x00000000eab00000)
  object space 193536K, 90% used [0x00000000c0000000,0x00000000caa8f918,0x00000000cbd00000)
 Metaspace       used 69409K, committed 70592K, reserved 1114112K
  class space    used 7540K, committed 8064K, reserved 1048576K
}
Event: 16,117 GC heap after
{Heap after GC invocations=98 (full 7):
 PSYoungGen      total 17408K, used 6636K [0x00000000eab00000, 0x00000000ec800000, 0x0000000100000000)
  eden space 10752K, 0% used [0x00000000eab00000,0x00000000eab00000,0x00000000eb580000)
  from space 6656K, 99% used [0x00000000eb580000,0x00000000ebbfb370,0x00000000ebc00000)
  to   space 8704K, 0% used [0x00000000ebf80000,0x00000000ebf80000,0x00000000ec800000)
 ParOldGen       total 193536K, used 175938K [0x00000000c0000000, 0x00000000cbd00000, 0x00000000eab00000)
  object space 193536K, 90% used [0x00000000c0000000,0x00000000cabd0898,0x00000000cbd00000)
 Metaspace       used 69409K, committed 70592K, reserved 1114112K
  class space    used 7540K, committed 8064K, reserved 1048576K
}
Event: 16,185 GC heap before
{Heap before GC invocations=99 (full 7):
 PSYoungGen      total 17408K, used 17388K [0x00000000eab00000, 0x00000000ec800000, 0x0000000100000000)
  eden space 10752K, 100% used [0x00000000eab00000,0x00000000eb580000,0x00000000eb580000)
  from space 6656K, 99% used [0x00000000eb580000,0x00000000ebbfb370,0x00000000ebc00000)
  to   space 8704K, 0% used [0x00000000ebf80000,0x00000000ebf80000,0x00000000ec800000)
 ParOldGen       total 193536K, used 175938K [0x00000000c0000000, 0x00000000cbd00000, 0x00000000eab00000)
  object space 193536K, 90% used [0x00000000c0000000,0x00000000cabd0898,0x00000000cbd00000)
 Metaspace       used 69409K, committed 70592K, reserved 1114112K
  class space    used 7540K, committed 8064K, reserved 1048576K
}
Event: 16,194 GC heap after
{Heap after GC invocations=99 (full 7):
 PSYoungGen      total 18944K, used 6210K [0x00000000eab00000, 0x00000000ec600000, 0x0000000100000000)
  eden space 12288K, 0% used [0x00000000eab00000,0x00000000eab00000,0x00000000eb700000)
  from space 6656K, 93% used [0x00000000ebf80000,0x00000000ec590968,0x00000000ec600000)
  to   space 7168K, 0% used [0x00000000eb800000,0x00000000eb800000,0x00000000ebf00000)
 ParOldGen       total 193536K, used 178928K [0x00000000c0000000, 0x00000000cbd00000, 0x00000000eab00000)
  object space 193536K, 92% used [0x00000000c0000000,0x00000000caebc060,0x00000000cbd00000)
 Metaspace       used 69409K, committed 70592K, reserved 1114112K
  class space    used 7540K, committed 8064K, reserved 1048576K
}
Event: 16,288 GC heap before
{Heap before GC invocations=100 (full 7):
 PSYoungGen      total 18944K, used 18498K [0x00000000eab00000, 0x00000000ec600000, 0x0000000100000000)
  eden space 12288K, 100% used [0x00000000eab00000,0x00000000eb700000,0x00000000eb700000)
  from space 6656K, 93% used [0x00000000ebf80000,0x00000000ec590968,0x00000000ec600000)
  to   space 7168K, 0% used [0x00000000eb800000,0x00000000eb800000,0x00000000ebf00000)
 ParOldGen       total 193536K, used 178928K [0x00000000c0000000, 0x00000000cbd00000, 0x00000000eab00000)
  object space 193536K, 92% used [0x00000000c0000000,0x00000000caebc060,0x00000000cbd00000)
 Metaspace       used 69409K, committed 70592K, reserved 1114112K
  class space    used 7540K, committed 8064K, reserved 1048576K
}
Event: 16,295 GC heap after
{Heap after GC invocations=100 (full 7):
 PSYoungGen      total 20480K, used 7139K [0x00000000eab00000, 0x00000000ecb00000, 0x0000000100000000)
  eden space 13312K, 0% used [0x00000000eab00000,0x00000000eab00000,0x00000000eb800000)
  from space 7168K, 99% used [0x00000000eb800000,0x00000000ebef8f80,0x00000000ebf00000)
  to   space 9728K, 0% used [0x00000000ec180000,0x00000000ec180000,0x00000000ecb00000)
 ParOldGen       total 193536K, used 180559K [0x00000000c0000000, 0x00000000cbd00000, 0x00000000eab00000)
  object space 193536K, 93% used [0x00000000c0000000,0x00000000cb053e58,0x00000000cbd00000)
 Metaspace       used 69409K, committed 70592K, reserved 1114112K
  class space    used 7540K, committed 8064K, reserved 1048576K
}
Event: 16,366 GC heap before
{Heap before GC invocations=101 (full 7):
 PSYoungGen      total 20480K, used 20451K [0x00000000eab00000, 0x00000000ecb00000, 0x0000000100000000)
  eden space 13312K, 100% used [0x00000000eab00000,0x00000000eb800000,0x00000000eb800000)
  from space 7168K, 99% used [0x00000000eb800000,0x00000000ebef8f80,0x00000000ebf00000)
  to   space 9728K, 0% used [0x00000000ec180000,0x00000000ec180000,0x00000000ecb00000)
 ParOldGen       total 193536K, used 180559K [0x00000000c0000000, 0x00000000cbd00000, 0x00000000eab00000)
  object space 193536K, 93% used [0x00000000c0000000,0x00000000cb053e58,0x00000000cbd00000)
 Metaspace       used 69409K, committed 70592K, reserved 1114112K
  class space    used 7540K, committed 8064K, reserved 1048576K
}
Event: 16,372 GC heap after
{Heap after GC invocations=101 (full 7):
 PSYoungGen      total 23040K, used 7513K [0x00000000eab00000, 0x00000000ec980000, 0x0000000100000000)
  eden space 14848K, 0% used [0x00000000eab00000,0x00000000eab00000,0x00000000eb980000)
  from space 8192K, 91% used [0x00000000ec180000,0x00000000ec8d67f8,0x00000000ec980000)
  to   space 8192K, 0% used [0x00000000eb980000,0x00000000eb980000,0x00000000ec180000)
 ParOldGen       total 193536K, used 183558K [0x00000000c0000000, 0x00000000cbd00000, 0x00000000eab00000)
  object space 193536K, 94% used [0x00000000c0000000,0x00000000cb341970,0x00000000cbd00000)
 Metaspace       used 69409K, committed 70592K, reserved 1114112K
  class space    used 7540K, committed 8064K, reserved 1048576K
}
Event: 16,478 GC heap before
{Heap before GC invocations=102 (full 7):
 PSYoungGen      total 23040K, used 22361K [0x00000000eab00000, 0x00000000ec980000, 0x0000000100000000)
  eden space 14848K, 100% used [0x00000000eab00000,0x00000000eb980000,0x00000000eb980000)
  from space 8192K, 91% used [0x00000000ec180000,0x00000000ec8d67f8,0x00000000ec980000)
  to   space 8192K, 0% used [0x00000000eb980000,0x00000000eb980000,0x00000000ec180000)
 ParOldGen       total 193536K, used 183558K [0x00000000c0000000, 0x00000000cbd00000, 0x00000000eab00000)
  object space 193536K, 94% used [0x00000000c0000000,0x00000000cb341970,0x00000000cbd00000)
 Metaspace       used 69409K, committed 70592K, reserved 1114112K
  class space    used 7540K, committed 8064K, reserved 1048576K
}
Event: 16,487 GC heap after
{Heap after GC invocations=102 (full 7):
 PSYoungGen      total 23040K, used 8163K [0x00000000eab00000, 0x00000000ed200000, 0x0000000100000000)
  eden space 14848K, 0% used [0x00000000eab00000,0x00000000eab00000,0x00000000eb980000)
  from space 8192K, 99% used [0x00000000eb980000,0x00000000ec178d90,0x00000000ec180000)
  to   space 11776K, 0% used [0x00000000ec680000,0x00000000ec680000,0x00000000ed200000)
 ParOldGen       total 193536K, used 186383K [0x00000000c0000000, 0x00000000cbd00000, 0x00000000eab00000)
  object space 193536K, 96% used [0x00000000c0000000,0x00000000cb603d90,0x00000000cbd00000)
 Metaspace       used 69409K, committed 70592K, reserved 1114112K
  class space    used 7540K, committed 8064K, reserved 1048576K
}
Event: 16,564 GC heap before
{Heap before GC invocations=103 (full 7):
 PSYoungGen      total 23040K, used 23011K [0x00000000eab00000, 0x00000000ed200000, 0x0000000100000000)
  eden space 14848K, 100% used [0x00000000eab00000,0x00000000eb980000,0x00000000eb980000)
  from space 8192K, 99% used [0x00000000eb980000,0x00000000ec178d90,0x00000000ec180000)
  to   space 11776K, 0% used [0x00000000ec680000,0x00000000ec680000,0x00000000ed200000)
 ParOldGen       total 193536K, used 186383K [0x00000000c0000000, 0x00000000cbd00000, 0x00000000eab00000)
  object space 193536K, 96% used [0x00000000c0000000,0x00000000cb603d90,0x00000000cbd00000)
 Metaspace       used 69409K, committed 70592K, reserved 1114112K
  class space    used 7540K, committed 8064K, reserved 1048576K
}
Event: 16,573 GC heap after
{Heap after GC invocations=103 (full 7):
 PSYoungGen      total 25088K, used 8391K [0x00000000eab00000, 0x00000000ecf00000, 0x0000000100000000)
  eden space 16384K, 0% used [0x00000000eab00000,0x00000000eab00000,0x00000000ebb00000)
  from space 8704K, 96% used [0x00000000ec680000,0x00000000eceb1c80,0x00000000ecf00000)
  to   space 9728K, 0% used [0x00000000ebc00000,0x00000000ebc00000,0x00000000ec580000)
 ParOldGen       total 193536K, used 189702K [0x00000000c0000000, 0x00000000cbd00000, 0x00000000eab00000)
  object space 193536K, 98% used [0x00000000c0000000,0x00000000cb941a00,0x00000000cbd00000)
 Metaspace       used 69409K, committed 70592K, reserved 1114112K
  class space    used 7540K, committed 8064K, reserved 1048576K
}
Event: 16,664 GC heap before
{Heap before GC invocations=104 (full 7):
 PSYoungGen      total 25088K, used 24775K [0x00000000eab00000, 0x00000000ecf00000, 0x0000000100000000)
  eden space 16384K, 100% used [0x00000000eab00000,0x00000000ebb00000,0x00000000ebb00000)
  from space 8704K, 96% used [0x00000000ec680000,0x00000000eceb1c80,0x00000000ecf00000)
  to   space 9728K, 0% used [0x00000000ebc00000,0x00000000ebc00000,0x00000000ec580000)
 ParOldGen       total 193536K, used 189702K [0x00000000c0000000, 0x00000000cbd00000, 0x00000000eab00000)
  object space 193536K, 98% used [0x00000000c0000000,0x00000000cb941a00,0x00000000cbd00000)
 Metaspace       used 69409K, committed 70592K, reserved 1114112K
  class space    used 7540K, committed 8064K, reserved 1048576K
}

