# JRE version: OpenJDK Runtime Environment Temurin-17.0.10+7 (17.0.10+7) (build 17.0.10+7)
# Java VM: OpenJDK 64-Bit Server VM Temurin-17.0.10+7 (17.0.10+7, mixed mode, tiered, compressed oops, compressed class ptrs, parallel gc, linux-amd64)
GC Precious Log:
 CPUs: 8 total, 8 available
 Memory: 6857M
 Large Page Support: Disabled
 NUMA Support: Disabled
 Compressed Oops: Enabled (32-bit)
 Alignments: Space 512K, Generation 512K, Heap 2M
 Heap Min Capacity: 100M
 Heap Initial Capacity: 100M
 Heap Max Capacity: 1G
 Pre-touch: Disabled
 Parallel Workers: 8
Heap:
 PSYoungGen      total 5120K, used 2952K [0x00000000eab00000, 0x00000000eb400000, 0x0000000100000000)
  eden space 4608K, 53% used [0x00000000eab00000,0x00000000ead66b28,0x00000000eaf80000)
  from space 512K, 96% used [0x00000000eb380000,0x00000000eb3fb548,0x00000000eb400000)
  to   space 1024K, 0% used [0x00000000eb200000,0x00000000eb200000,0x00000000eb300000)
 ParOldGen       total 102912K, used 94587K [0x00000000c0000000, 0x00000000c6480000, 0x00000000eab00000)
  object space 102912K, 91% used [0x00000000c0000000,0x00000000c5c5ef50,0x00000000c6480000)
 Metaspace       used 69019K, committed 70080K, reserved 1114112K
  class space    used 7454K, committed 7936K, reserved 1048576K
GC Heap History (20 events):
Event: 21,657 GC heap before
{Heap before GC invocations=48 (full 4):
 PSYoungGen      total 9216K, used 9152K [0x00000000eab00000, 0x00000000ebe00000, 0x0000000100000000)
  eden space 5120K, 100% used [0x00000000eab00000,0x00000000eb000000,0x00000000eb000000)
  from space 4096K, 98% used [0x00000000eba00000,0x00000000ebdf0000,0x00000000ebe00000)
  to   space 4096K, 0% used [0x00000000eb400000,0x00000000eb400000,0x00000000eb800000)
 ParOldGen       total 102912K, used 75291K [0x00000000c0000000, 0x00000000c6480000, 0x00000000eab00000)
  object space 102912K, 73% used [0x00000000c0000000,0x00000000c4986f10,0x00000000c6480000)
 Metaspace       used 67435K, committed 68608K, reserved 1114112K
  class space    used 7284K, committed 7808K, reserved 1048576K
}
Event: 21,664 GC heap after
{Heap after GC invocations=48 (full 4):
 PSYoungGen      total 9216K, used 4032K [0x00000000eab00000, 0x00000000eba80000, 0x0000000100000000)
  eden space 5120K, 0% used [0x00000000eab00000,0x00000000eab00000,0x00000000eb000000)
  from space 4096K, 98% used [0x00000000eb400000,0x00000000eb7f0000,0x00000000eb800000)
  to   space 2560K, 0% used [0x00000000eb800000,0x00000000eb800000,0x00000000eba80000)
 ParOldGen       total 102912K, used 79211K [0x00000000c0000000, 0x00000000c6480000, 0x00000000eab00000)
  object space 102912K, 76% used [0x00000000c0000000,0x00000000c4d5af10,0x00000000c6480000)
 Metaspace       used 67435K, committed 68608K, reserved 1114112K
  class space    used 7284K, committed 7808K, reserved 1048576K
}
Event: 21,682 GC heap before
{Heap before GC invocations=49 (full 4):
 PSYoungGen      total 9216K, used 9152K [0x00000000eab00000, 0x00000000eba80000, 0x0000000100000000)
  eden space 5120K, 100% used [0x00000000eab00000,0x00000000eb000000,0x00000000eb000000)
  from space 4096K, 98% used [0x00000000eb400000,0x00000000eb7f0000,0x00000000eb800000)
  to   space 2560K, 0% used [0x00000000eb800000,0x00000000eb800000,0x00000000eba80000)
 ParOldGen       total 102912K, used 79211K [0x00000000c0000000, 0x00000000c6480000, 0x00000000eab00000)
  object space 102912K, 76% used [0x00000000c0000000,0x00000000c4d5af10,0x00000000c6480000)
 Metaspace       used 67435K, committed 68608K, reserved 1114112K
  class space    used 7284K, committed 7808K, reserved 1048576K
}
Event: 21,687 GC heap after
{Heap after GC invocations=49 (full 4):
 PSYoungGen      total 7168K, used 2560K [0x00000000eab00000, 0x00000000ec100000, 0x0000000100000000)
  eden space 4608K, 0% used [0x00000000eab00000,0x00000000eab00000,0x00000000eaf80000)
  from space 2560K, 100% used [0x00000000eb800000,0x00000000eba80000,0x00000000eba80000)
  to   space 8704K, 0% used [0x00000000eaf80000,0x00000000eaf80000,0x00000000eb800000)
 ParOldGen       total 102912K, used 84555K [0x00000000c0000000, 0x00000000c6480000, 0x00000000eab00000)
  object space 102912K, 82% used [0x00000000c0000000,0x00000000c5292f10,0x00000000c6480000)
 Metaspace       used 67435K, committed 68608K, reserved 1114112K
  class space    used 7284K, committed 7808K, reserved 1048576K
}
Event: 21,705 GC heap before
{Heap before GC invocations=50 (full 4):
 PSYoungGen      total 7168K, used 7168K [0x00000000eab00000, 0x00000000ec100000, 0x0000000100000000)
  eden space 4608K, 100% used [0x00000000eab00000,0x00000000eaf80000,0x00000000eaf80000)
  from space 2560K, 100% used [0x00000000eb800000,0x00000000eba80000,0x00000000eba80000)
  to   space 8704K, 0% used [0x00000000eaf80000,0x00000000eaf80000,0x00000000eb800000)
 ParOldGen       total 102912K, used 84555K [0x00000000c0000000, 0x00000000c6480000, 0x00000000eab00000)
  object space 102912K, 82% used [0x00000000c0000000,0x00000000c5292f10,0x00000000c6480000)
 Metaspace       used 67435K, committed 68608K, reserved 1114112K
  class space    used 7284K, committed 7808K, reserved 1048576K
}
Event: 21,709 GC heap after
{Heap after GC invocations=50 (full 4):
 PSYoungGen      total 8192K, used 3552K [0x00000000eab00000, 0x00000000eba80000, 0x0000000100000000)
  eden space 4608K, 0% used [0x00000000eab00000,0x00000000eab00000,0x00000000eaf80000)
  from space 3584K, 99% used [0x00000000eaf80000,0x00000000eb2f8000,0x00000000eb300000)
  to   space 5632K, 0% used [0x00000000eb500000,0x00000000eb500000,0x00000000eba80000)
 ParOldGen       total 102912K, used 87099K [0x00000000c0000000, 0x00000000c6480000, 0x00000000eab00000)
  object space 102912K, 84% used [0x00000000c0000000,0x00000000c550ef10,0x00000000c6480000)
 Metaspace       used 67435K, committed 68608K, reserved 1114112K
  class space    used 7284K, committed 7808K, reserved 1048576K
}
Event: 22,091 GC heap before
{Heap before GC invocations=51 (full 4):
 PSYoungGen      total 8192K, used 8160K [0x00000000eab00000, 0x00000000eba80000, 0x0000000100000000)
  eden space 4608K, 100% used [0x00000000eab00000,0x00000000eaf80000,0x00000000eaf80000)
  from space 3584K, 99% used [0x00000000eaf80000,0x00000000eb2f8000,0x00000000eb300000)
  to   space 5632K, 0% used [0x00000000eb500000,0x00000000eb500000,0x00000000eba80000)
 ParOldGen       total 102912K, used 87099K [0x00000000c0000000, 0x00000000c6480000, 0x00000000eab00000)
  object space 102912K, 84% used [0x00000000c0000000,0x00000000c550ef10,0x00000000c6480000)
 Metaspace       used 67447K, committed 68608K, reserved 1114112K
  class space    used 7284K, committed 7808K, reserved 1048576K
}
Event: 22,097 GC heap after
{Heap after GC invocations=51 (full 4):
 PSYoungGen      total 8192K, used 3360K [0x00000000eab00000, 0x00000000eb880000, 0x0000000100000000)
  eden space 4608K, 0% used [0x00000000eab00000,0x00000000eab00000,0x00000000eaf80000)
  from space 3584K, 93% used [0x00000000eb500000,0x00000000eb848000,0x00000000eb880000)
  to   space 4096K, 0% used [0x00000000eb080000,0x00000000eb080000,0x00000000eb480000)
 ParOldGen       total 102912K, used 90611K [0x00000000c0000000, 0x00000000c6480000, 0x00000000eab00000)
  object space 102912K, 88% used [0x00000000c0000000,0x00000000c587cf10,0x00000000c6480000)
 Metaspace       used 67447K, committed 68608K, reserved 1114112K
  class space    used 7284K, committed 7808K, reserved 1048576K
}
Event: 22,485 GC heap before
{Heap before GC invocations=52 (full 4):
 PSYoungGen      total 8192K, used 7967K [0x00000000eab00000, 0x00000000eb880000, 0x0000000100000000)
  eden space 4608K, 99% used [0x00000000eab00000,0x00000000eaf7fff0,0x00000000eaf80000)
  from space 3584K, 93% used [0x00000000eb500000,0x00000000eb848000,0x00000000eb880000)
  to   space 4096K, 0% used [0x00000000eb080000,0x00000000eb080000,0x00000000eb480000)
 ParOldGen       total 102912K, used 90611K [0x00000000c0000000, 0x00000000c6480000, 0x00000000eab00000)
  object space 102912K, 88% used [0x00000000c0000000,0x00000000c587cf10,0x00000000c6480000)
 Metaspace       used 67510K, committed 68672K, reserved 1114112K
  class space    used 7284K, committed 7808K, reserved 1048576K
}
Event: 22,492 GC heap after
{Heap after GC invocations=52 (full 4):
 PSYoungGen      total 5632K, used 960K [0x00000000eab00000, 0x00000000eb580000, 0x0000000100000000)
  eden space 4608K, 0% used [0x00000000eab00000,0x00000000eab00000,0x00000000eaf80000)
  from space 1024K, 93% used [0x00000000eb080000,0x00000000eb170060,0x00000000eb180000)
  to   space 2048K, 0% used [0x00000000eb380000,0x00000000eb380000,0x00000000eb580000)
 ParOldGen       total 102912K, used 93851K [0x00000000c0000000, 0x00000000c6480000, 0x00000000eab00000)
  object space 102912K, 91% used [0x00000000c0000000,0x00000000c5ba6f10,0x00000000c6480000)
 Metaspace       used 67510K, committed 68672K, reserved 1114112K
  class space    used 7284K, committed 7808K, reserved 1048576K
}
Event: 24,207 GC heap before
{Heap before GC invocations=53 (full 4):
 PSYoungGen      total 5632K, used 5568K [0x00000000eab00000, 0x00000000eb580000, 0x0000000100000000)
  eden space 4608K, 100% used [0x00000000eab00000,0x00000000eaf80000,0x00000000eaf80000)
  from space 1024K, 93% used [0x00000000eb080000,0x00000000eb170060,0x00000000eb180000)
  to   space 2048K, 0% used [0x00000000eb380000,0x00000000eb380000,0x00000000eb580000)
 ParOldGen       total 102912K, used 93851K [0x00000000c0000000, 0x00000000c6480000, 0x00000000eab00000)
  object space 102912K, 91% used [0x00000000c0000000,0x00000000c5ba6f10,0x00000000c6480000)
 Metaspace       used 67597K, committed 68800K, reserved 1114112K
  class space    used 7285K, committed 7808K, reserved 1048576K
}
Event: 24,209 GC heap after
{Heap after GC invocations=53 (full 4):
 PSYoungGen      total 5120K, used 192K [0x00000000eab00000, 0x00000000eb400000, 0x0000000100000000)
  eden space 4608K, 0% used [0x00000000eab00000,0x00000000eab00000,0x00000000eaf80000)
  from space 512K, 37% used [0x00000000eb380000,0x00000000eb3b0000,0x00000000eb400000)
  to   space 1024K, 0% used [0x00000000eb200000,0x00000000eb200000,0x00000000eb300000)
 ParOldGen       total 102912K, used 93971K [0x00000000c0000000, 0x00000000c6480000, 0x00000000eab00000)
  object space 102912K, 91% used [0x00000000c0000000,0x00000000c5bc4f30,0x00000000c6480000)
 Metaspace       used 67597K, committed 68800K, reserved 1114112K
  class space    used 7285K, committed 7808K, reserved 1048576K
}
Event: 24,693 GC heap before
{Heap before GC invocations=54 (full 4):
 PSYoungGen      total 5120K, used 4800K [0x00000000eab00000, 0x00000000eb400000, 0x0000000100000000)
  eden space 4608K, 100% used [0x00000000eab00000,0x00000000eaf80000,0x00000000eaf80000)
  from space 512K, 37% used [0x00000000eb380000,0x00000000eb3b0000,0x00000000eb400000)
  to   space 1024K, 0% used [0x00000000eb200000,0x00000000eb200000,0x00000000eb300000)
 ParOldGen       total 102912K, used 93971K [0x00000000c0000000, 0x00000000c6480000, 0x00000000eab00000)
  object space 102912K, 91% used [0x00000000c0000000,0x00000000c5bc4f30,0x00000000c6480000)
 Metaspace       used 68100K, committed 69248K, reserved 1114112K
  class space    used 7355K, committed 7872K, reserved 1048576K
}
Event: 24,694 GC heap after
{Heap after GC invocations=54 (full 4):
 PSYoungGen      total 5632K, used 320K [0x00000000eab00000, 0x00000000eb400000, 0x0000000100000000)
  eden space 4608K, 0% used [0x00000000eab00000,0x00000000eab00000,0x00000000eaf80000)
  from space 1024K, 31% used [0x00000000eb200000,0x00000000eb250020,0x00000000eb300000)
  to   space 512K, 0% used [0x00000000eb380000,0x00000000eb380000,0x00000000eb400000)
 ParOldGen       total 102912K, used 93995K [0x00000000c0000000, 0x00000000c6480000, 0x00000000eab00000)
  object space 102912K, 91% used [0x00000000c0000000,0x00000000c5bcaf30,0x00000000c6480000)
 Metaspace       used 68100K, committed 69248K, reserved 1114112K
  class space    used 7355K, committed 7872K, reserved 1048576K
}
Event: 24,767 GC heap before
{Heap before GC invocations=55 (full 4):
 PSYoungGen      total 5632K, used 4928K [0x00000000eab00000, 0x00000000eb400000, 0x0000000100000000)
  eden space 4608K, 100% used [0x00000000eab00000,0x00000000eaf80000,0x00000000eaf80000)
  from space 1024K, 31% used [0x00000000eb200000,0x00000000eb250020,0x00000000eb300000)
  to   space 512K, 0% used [0x00000000eb380000,0x00000000eb380000,0x00000000eb400000)
 ParOldGen       total 102912K, used 93995K [0x00000000c0000000, 0x00000000c6480000, 0x00000000eab00000)
  object space 102912K, 91% used [0x00000000c0000000,0x00000000c5bcaf30,0x00000000c6480000)
 Metaspace       used 68471K, committed 69568K, reserved 1114112K
  class space    used 7402K, committed 7872K, reserved 1048576K
}
Event: 24,768 GC heap after
{Heap after GC invocations=55 (full 4):
 PSYoungGen      total 5120K, used 224K [0x00000000eab00000, 0x00000000eb400000, 0x0000000100000000)
  eden space 4608K, 0% used [0x00000000eab00000,0x00000000eab00000,0x00000000eaf80000)
  from space 512K, 43% used [0x00000000eb380000,0x00000000eb3b8000,0x00000000eb400000)
  to   space 512K, 0% used [0x00000000eb300000,0x00000000eb300000,0x00000000eb380000)
 ParOldGen       total 102912K, used 94147K [0x00000000c0000000, 0x00000000c6480000, 0x00000000eab00000)
  object space 102912K, 91% used [0x00000000c0000000,0x00000000c5bf0f50,0x00000000c6480000)
 Metaspace       used 68471K, committed 69568K, reserved 1114112K
  class space    used 7402K, committed 7872K, reserved 1048576K
}
Event: 31,950 GC heap before
{Heap before GC invocations=56 (full 4):
 PSYoungGen      total 5120K, used 4832K [0x00000000eab00000, 0x00000000eb400000, 0x0000000100000000)
  eden space 4608K, 100% used [0x00000000eab00000,0x00000000eaf80000,0x00000000eaf80000)
  from space 512K, 43% used [0x00000000eb380000,0x00000000eb3b8000,0x00000000eb400000)
  to   space 512K, 0% used [0x00000000eb300000,0x00000000eb300000,0x00000000eb380000)
 ParOldGen       total 102912K, used 94147K [0x00000000c0000000, 0x00000000c6480000, 0x00000000eab00000)
  object space 102912K, 91% used [0x00000000c0000000,0x00000000c5bf0f50,0x00000000c6480000)
 Metaspace       used 68893K, committed 70016K, reserved 1114112K
  class space    used 7443K, committed 7936K, reserved 1048576K
}
Event: 31,951 GC heap after
{Heap after GC invocations=56 (full 4):
 PSYoungGen      total 5120K, used 496K [0x00000000eab00000, 0x00000000eb400000, 0x0000000100000000)
  eden space 4608K, 0% used [0x00000000eab00000,0x00000000eab00000,0x00000000eaf80000)
  from space 512K, 96% used [0x00000000eb300000,0x00000000eb37c010,0x00000000eb380000)
  to   space 512K, 0% used [0x00000000eb380000,0x00000000eb380000,0x00000000eb400000)
 ParOldGen       total 102912K, used 94283K [0x00000000c0000000, 0x00000000c6480000, 0x00000000eab00000)
  object space 102912K, 91% used [0x00000000c0000000,0x00000000c5c12f50,0x00000000c6480000)
 Metaspace       used 68893K, committed 70016K, reserved 1114112K
  class space    used 7443K, committed 7936K, reserved 1048576K
}
Event: 36,502 GC heap before
{Heap before GC invocations=57 (full 4):
 PSYoungGen      total 5120K, used 5104K [0x00000000eab00000, 0x00000000eb400000, 0x0000000100000000)
  eden space 4608K, 100% used [0x00000000eab00000,0x00000000eaf80000,0x00000000eaf80000)
  from space 512K, 96% used [0x00000000eb300000,0x00000000eb37c010,0x00000000eb380000)
  to   space 512K, 0% used [0x00000000eb380000,0x00000000eb380000,0x00000000eb400000)
 ParOldGen       total 102912K, used 94283K [0x00000000c0000000, 0x00000000c6480000, 0x00000000eab00000)
  object space 102912K, 91% used [0x00000000c0000000,0x00000000c5c12f50,0x00000000c6480000)
 Metaspace       used 68987K, committed 70080K, reserved 1114112K
  class space    used 7453K, committed 7936K, reserved 1048576K
}
Event: 36,506 GC heap after
{Heap after GC invocations=57 (full 4):
 PSYoungGen      total 5120K, used 493K [0x00000000eab00000, 0x00000000eb400000, 0x0000000100000000)
  eden space 4608K, 0% used [0x00000000eab00000,0x00000000eab00000,0x00000000eaf80000)
  from space 512K, 96% used [0x00000000eb380000,0x00000000eb3fb548,0x00000000eb400000)
  to   space 1024K, 0% used [0x00000000eb200000,0x00000000eb200000,0x00000000eb300000)
 ParOldGen       total 102912K, used 94587K [0x00000000c0000000, 0x00000000c6480000, 0x00000000eab00000)
  object space 102912K, 91% used [0x00000000c0000000,0x00000000c5c5ef50,0x00000000c6480000)
 Metaspace       used 68987K, committed 70080K, reserved 1114112K
  class space    used 7453K, committed 7936K, reserved 1048576K
}

