# JRE version: OpenJDK Runtime Environment Temurin-17.0.10+7 (17.0.10+7) (build 17.0.10+7)
# Java VM: OpenJDK 64-Bit Server VM Temurin-17.0.10+7 (17.0.10+7, mixed mode, tiered, compressed oops, compressed class ptrs, parallel gc, linux-amd64)
GC Precious Log:
 CPUs: 8 total, 8 available
 Memory: 6857M
 Large Page Support: Disabled
 NUMA Support: Disabled
 Compressed Oops: Enabled (32-bit)
 Alignments: Space 512K, Generation 512K, Heap 2M
 Heap Min Capacity: 100M
 Heap Initial Capacity: 100M
 Heap Max Capacity: 1G
 Pre-touch: Disabled
 Parallel Workers: 8
Heap:
 PSYoungGen      total 18944K, used 18816K [0x00000000eab00000, 0x00000000ebf00000, 0x0000000100000000)
  eden space 18432K, 100% used [0x00000000eab00000,0x00000000ebd00000,0x00000000ebd00000)
  from space 512K, 75% used [0x00000000ebe00000,0x00000000ebe60000,0x00000000ebe80000)
  to   space 512K, 0% used [0x00000000ebe80000,0x00000000ebe80000,0x00000000ebf00000)
 ParOldGen       total 68608K, used 45845K [0x00000000c0000000, 0x00000000c4300000, 0x00000000eab00000)
  object space 68608K, 66% used [0x00000000c0000000,0x00000000c2cc56d8,0x00000000c4300000)
 Metaspace       used 62454K, committed 63488K, reserved 1114112K
  class space    used 6649K, committed 7104K, reserved 1048576K
GC Heap History (20 events):
Event: 8,703 GC heap before
{Heap before GC invocations=37 (full 3):
 PSYoungGen      total 19968K, used 19932K [0x00000000eab00000, 0x00000000ec200000, 0x0000000100000000)
  eden space 18432K, 99% used [0x00000000eab00000,0x00000000ebcf7360,0x00000000ebd00000)
  from space 1536K, 99% used [0x00000000ebd80000,0x00000000ebeffff0,0x00000000ebf00000)
  to   space 2560K, 0% used [0x00000000ebf80000,0x00000000ebf80000,0x00000000ec200000)
 ParOldGen       total 68608K, used 41547K [0x00000000c0000000, 0x00000000c4300000, 0x00000000eab00000)
  object space 68608K, 60% used [0x00000000c0000000,0x00000000c2892f18,0x00000000c4300000)
 Metaspace       used 61729K, committed 62848K, reserved 1114112K
  class space    used 6602K, committed 7040K, reserved 1048576K
}
Event: 8,707 GC heap after
{Heap after GC invocations=37 (full 3):
 PSYoungGen      total 19456K, used 698K [0x00000000eab00000, 0x00000000ec080000, 0x0000000100000000)
  eden space 18432K, 0% used [0x00000000eab00000,0x00000000eab00000,0x00000000ebd00000)
  from space 1024K, 68% used [0x00000000ebf80000,0x00000000ec02e828,0x00000000ec080000)
  to   space 1536K, 0% used [0x00000000ebd80000,0x00000000ebd80000,0x00000000ebf00000)
 ParOldGen       total 68608K, used 43107K [0x00000000c0000000, 0x00000000c4300000, 0x00000000eab00000)
  object space 68608K, 62% used [0x00000000c0000000,0x00000000c2a18f38,0x00000000c4300000)
 Metaspace       used 61729K, committed 62848K, reserved 1114112K
  class space    used 6602K, committed 7040K, reserved 1048576K
}
Event: 8,806 GC heap before
{Heap before GC invocations=38 (full 3):
 PSYoungGen      total 19456K, used 19130K [0x00000000eab00000, 0x00000000ec080000, 0x0000000100000000)
  eden space 18432K, 100% used [0x00000000eab00000,0x00000000ebd00000,0x00000000ebd00000)
  from space 1024K, 68% used [0x00000000ebf80000,0x00000000ec02e828,0x00000000ec080000)
  to   space 1536K, 0% used [0x00000000ebd80000,0x00000000ebd80000,0x00000000ebf00000)
 ParOldGen       total 68608K, used 43107K [0x00000000c0000000, 0x00000000c4300000, 0x00000000eab00000)
  object space 68608K, 62% used [0x00000000c0000000,0x00000000c2a18f38,0x00000000c4300000)
 Metaspace       used 62166K, committed 63296K, reserved 1114112K
  class space    used 6631K, committed 7104K, reserved 1048576K
}
Event: 8,808 GC heap after
{Heap after GC invocations=38 (full 3):
 PSYoungGen      total 19968K, used 752K [0x00000000eab00000, 0x00000000ec000000, 0x0000000100000000)
  eden space 18432K, 0% used [0x00000000eab00000,0x00000000eab00000,0x00000000ebd00000)
  from space 1536K, 48% used [0x00000000ebd80000,0x00000000ebe3c010,0x00000000ebf00000)
  to   space 1024K, 0% used [0x00000000ebf00000,0x00000000ebf00000,0x00000000ec000000)
 ParOldGen       total 68608K, used 43431K [0x00000000c0000000, 0x00000000c4300000, 0x00000000eab00000)
  object space 68608K, 63% used [0x00000000c0000000,0x00000000c2a69c78,0x00000000c4300000)
 Metaspace       used 62166K, committed 63296K, reserved 1114112K
  class space    used 6631K, committed 7104K, reserved 1048576K
}
Event: 8,863 GC heap before
{Heap before GC invocations=39 (full 3):
 PSYoungGen      total 19968K, used 19184K [0x00000000eab00000, 0x00000000ec000000, 0x0000000100000000)
  eden space 18432K, 100% used [0x00000000eab00000,0x00000000ebd00000,0x00000000ebd00000)
  from space 1536K, 48% used [0x00000000ebd80000,0x00000000ebe3c010,0x00000000ebf00000)
  to   space 1024K, 0% used [0x00000000ebf00000,0x00000000ebf00000,0x00000000ec000000)
 ParOldGen       total 68608K, used 43431K [0x00000000c0000000, 0x00000000c4300000, 0x00000000eab00000)
  object space 68608K, 63% used [0x00000000c0000000,0x00000000c2a69c78,0x00000000c4300000)
 Metaspace       used 62207K, committed 63360K, reserved 1114112K
  class space    used 6632K, committed 7104K, reserved 1048576K
}
Event: 8,865 GC heap after
{Heap after GC invocations=39 (full 3):
 PSYoungGen      total 19456K, used 704K [0x00000000eab00000, 0x00000000ec000000, 0x0000000100000000)
  eden space 18432K, 0% used [0x00000000eab00000,0x00000000eab00000,0x00000000ebd00000)
  from space 1024K, 68% used [0x00000000ebf00000,0x00000000ebfb0000,0x00000000ec000000)
  to   space 1024K, 0% used [0x00000000ebe00000,0x00000000ebe00000,0x00000000ebf00000)
 ParOldGen       total 68608K, used 44060K [0x00000000c0000000, 0x00000000c4300000, 0x00000000eab00000)
  object space 68608K, 64% used [0x00000000c0000000,0x00000000c2b07370,0x00000000c4300000)
 Metaspace       used 62207K, committed 63360K, reserved 1114112K
  class space    used 6632K, committed 7104K, reserved 1048576K
}
Event: 8,913 GC heap before
{Heap before GC invocations=40 (full 3):
 PSYoungGen      total 19456K, used 19136K [0x00000000eab00000, 0x00000000ec000000, 0x0000000100000000)
  eden space 18432K, 100% used [0x00000000eab00000,0x00000000ebd00000,0x00000000ebd00000)
  from space 1024K, 68% used [0x00000000ebf00000,0x00000000ebfb0000,0x00000000ec000000)
  to   space 1024K, 0% used [0x00000000ebe00000,0x00000000ebe00000,0x00000000ebf00000)
 ParOldGen       total 68608K, used 44060K [0x00000000c0000000, 0x00000000c4300000, 0x00000000eab00000)
  object space 68608K, 64% used [0x00000000c0000000,0x00000000c2b07370,0x00000000c4300000)
 Metaspace       used 62230K, committed 63360K, reserved 1114112K
  class space    used 6632K, committed 7104K, reserved 1048576K
}
Event: 8,915 GC heap after
{Heap after GC invocations=40 (full 3):
 PSYoungGen      total 19456K, used 608K [0x00000000eab00000, 0x00000000ebf80000, 0x0000000100000000)
  eden space 18432K, 0% used [0x00000000eab00000,0x00000000eab00000,0x00000000ebd00000)
  from space 1024K, 59% used [0x00000000ebe00000,0x00000000ebe98000,0x00000000ebf00000)
  to   space 512K, 0% used [0x00000000ebf00000,0x00000000ebf00000,0x00000000ebf80000)
 ParOldGen       total 68608K, used 44604K [0x00000000c0000000, 0x00000000c4300000, 0x00000000eab00000)
  object space 68608K, 65% used [0x00000000c0000000,0x00000000c2b8f370,0x00000000c4300000)
 Metaspace       used 62230K, committed 63360K, reserved 1114112K
  class space    used 6632K, committed 7104K, reserved 1048576K
}
Event: 8,967 GC heap before
{Heap before GC invocations=41 (full 3):
 PSYoungGen      total 19456K, used 19040K [0x00000000eab00000, 0x00000000ebf80000, 0x0000000100000000)
  eden space 18432K, 100% used [0x00000000eab00000,0x00000000ebd00000,0x00000000ebd00000)
  from space 1024K, 59% used [0x00000000ebe00000,0x00000000ebe98000,0x00000000ebf00000)
  to   space 512K, 0% used [0x00000000ebf00000,0x00000000ebf00000,0x00000000ebf80000)
 ParOldGen       total 68608K, used 44604K [0x00000000c0000000, 0x00000000c4300000, 0x00000000eab00000)
  object space 68608K, 65% used [0x00000000c0000000,0x00000000c2b8f370,0x00000000c4300000)
 Metaspace       used 62282K, committed 63360K, reserved 1114112K
  class space    used 6632K, committed 7104K, reserved 1048576K
}
Event: 8,969 GC heap after
{Heap after GC invocations=41 (full 3):
 PSYoungGen      total 18944K, used 480K [0x00000000eab00000, 0x00000000ebf80000, 0x0000000100000000)
  eden space 18432K, 0% used [0x00000000eab00000,0x00000000eab00000,0x00000000ebd00000)
  from space 512K, 93% used [0x00000000ebf00000,0x00000000ebf78000,0x00000000ebf80000)
  to   space 1024K, 0% used [0x00000000ebd80000,0x00000000ebd80000,0x00000000ebe80000)
 ParOldGen       total 68608K, used 44988K [0x00000000c0000000, 0x00000000c4300000, 0x00000000eab00000)
  object space 68608K, 65% used [0x00000000c0000000,0x00000000c2bef370,0x00000000c4300000)
 Metaspace       used 62282K, committed 63360K, reserved 1114112K
  class space    used 6632K, committed 7104K, reserved 1048576K
}
Event: 9,021 GC heap before
{Heap before GC invocations=42 (full 3):
 PSYoungGen      total 18944K, used 18901K [0x00000000eab00000, 0x00000000ebf80000, 0x0000000100000000)
  eden space 18432K, 99% used [0x00000000eab00000,0x00000000ebcfd610,0x00000000ebd00000)
  from space 512K, 93% used [0x00000000ebf00000,0x00000000ebf78000,0x00000000ebf80000)
  to   space 1024K, 0% used [0x00000000ebd80000,0x00000000ebd80000,0x00000000ebe80000)
 ParOldGen       total 68608K, used 44988K [0x00000000c0000000, 0x00000000c4300000, 0x00000000eab00000)
  object space 68608K, 65% used [0x00000000c0000000,0x00000000c2bef370,0x00000000c4300000)
 Metaspace       used 62310K, committed 63360K, reserved 1114112K
  class space    used 6632K, committed 7104K, reserved 1048576K
}
Event: 9,023 GC heap after
{Heap after GC invocations=42 (full 3):
 PSYoungGen      total 19456K, used 512K [0x00000000eab00000, 0x00000000ebf80000, 0x0000000100000000)
  eden space 18432K, 0% used [0x00000000eab00000,0x00000000eab00000,0x00000000ebd00000)
  from space 1024K, 50% used [0x00000000ebd80000,0x00000000ebe00000,0x00000000ebe80000)
  to   space 1024K, 0% used [0x00000000ebe80000,0x00000000ebe80000,0x00000000ebf80000)
 ParOldGen       total 68608K, used 45332K [0x00000000c0000000, 0x00000000c4300000, 0x00000000eab00000)
  object space 68608K, 66% used [0x00000000c0000000,0x00000000c2c45370,0x00000000c4300000)
 Metaspace       used 62310K, committed 63360K, reserved 1114112K
  class space    used 6632K, committed 7104K, reserved 1048576K
}
Event: 9,070 GC heap before
{Heap before GC invocations=43 (full 3):
 PSYoungGen      total 19456K, used 18944K [0x00000000eab00000, 0x00000000ebf80000, 0x0000000100000000)
  eden space 18432K, 100% used [0x00000000eab00000,0x00000000ebd00000,0x00000000ebd00000)
  from space 1024K, 50% used [0x00000000ebd80000,0x00000000ebe00000,0x00000000ebe80000)
  to   space 1024K, 0% used [0x00000000ebe80000,0x00000000ebe80000,0x00000000ebf80000)
 ParOldGen       total 68608K, used 45332K [0x00000000c0000000, 0x00000000c4300000, 0x00000000eab00000)
  object space 68608K, 66% used [0x00000000c0000000,0x00000000c2c45370,0x00000000c4300000)
 Metaspace       used 62329K, committed 63424K, reserved 1114112K
  class space    used 6637K, committed 7104K, reserved 1048576K
}
Event: 9,071 GC heap after
{Heap after GC invocations=43 (full 3):
 PSYoungGen      total 18944K, used 498K [0x00000000eab00000, 0x00000000ebf00000, 0x0000000100000000)
  eden space 18432K, 0% used [0x00000000eab00000,0x00000000eab00000,0x00000000ebd00000)
  from space 512K, 97% used [0x00000000ebe80000,0x00000000ebefc810,0x00000000ebf00000)
  to   space 512K, 0% used [0x00000000ebe00000,0x00000000ebe00000,0x00000000ebe80000)
 ParOldGen       total 68608K, used 45569K [0x00000000c0000000, 0x00000000c4300000, 0x00000000eab00000)
  object space 68608K, 66% used [0x00000000c0000000,0x00000000c2c806c8,0x00000000c4300000)
 Metaspace       used 62329K, committed 63424K, reserved 1114112K
  class space    used 6637K, committed 7104K, reserved 1048576K
}
Event: 9,126 GC heap before
{Heap before GC invocations=44 (full 3):
 PSYoungGen      total 18944K, used 18928K [0x00000000eab00000, 0x00000000ebf00000, 0x0000000100000000)
  eden space 18432K, 99% used [0x00000000eab00000,0x00000000ebcff878,0x00000000ebd00000)
  from space 512K, 97% used [0x00000000ebe80000,0x00000000ebefc810,0x00000000ebf00000)
  to   space 512K, 0% used [0x00000000ebe00000,0x00000000ebe00000,0x00000000ebe80000)
 ParOldGen       total 68608K, used 45569K [0x00000000c0000000, 0x00000000c4300000, 0x00000000eab00000)
  object space 68608K, 66% used [0x00000000c0000000,0x00000000c2c806c8,0x00000000c4300000)
 Metaspace       used 62337K, committed 63424K, reserved 1114112K
  class space    used 6637K, committed 7104K, reserved 1048576K
}
Event: 9,128 GC heap after
{Heap after GC invocations=44 (full 3):
 PSYoungGen      total 18944K, used 480K [0x00000000eab00000, 0x00000000ebf00000, 0x0000000100000000)
  eden space 18432K, 0% used [0x00000000eab00000,0x00000000eab00000,0x00000000ebd00000)
  from space 512K, 93% used [0x00000000ebe00000,0x00000000ebe78220,0x00000000ebe80000)
  to   space 512K, 0% used [0x00000000ebe80000,0x00000000ebe80000,0x00000000ebf00000)
 ParOldGen       total 68608K, used 45681K [0x00000000c0000000, 0x00000000c4300000, 0x00000000eab00000)
  object space 68608K, 66% used [0x00000000c0000000,0x00000000c2c9c6c8,0x00000000c4300000)
 Metaspace       used 62337K, committed 63424K, reserved 1114112K
  class space    used 6637K, committed 7104K, reserved 1048576K
}
Event: 9,185 GC heap before
{Heap before GC invocations=45 (full 3):
 PSYoungGen      total 18944K, used 18912K [0x00000000eab00000, 0x00000000ebf00000, 0x0000000100000000)
  eden space 18432K, 100% used [0x00000000eab00000,0x00000000ebd00000,0x00000000ebd00000)
  from space 512K, 93% used [0x00000000ebe00000,0x00000000ebe78220,0x00000000ebe80000)
  to   space 512K, 0% used [0x00000000ebe80000,0x00000000ebe80000,0x00000000ebf00000)
 ParOldGen       total 68608K, used 45681K [0x00000000c0000000, 0x00000000c4300000, 0x00000000eab00000)
  object space 68608K, 66% used [0x00000000c0000000,0x00000000c2c9c6c8,0x00000000c4300000)
 Metaspace       used 62359K, committed 63424K, reserved 1114112K
  class space    used 6641K, committed 7104K, reserved 1048576K
}
Event: 9,187 GC heap after
{Heap after GC invocations=45 (full 3):
 PSYoungGen      total 18944K, used 384K [0x00000000eab00000, 0x00000000ebf00000, 0x0000000100000000)
  eden space 18432K, 0% used [0x00000000eab00000,0x00000000eab00000,0x00000000ebd00000)
  from space 512K, 75% used [0x00000000ebe80000,0x00000000ebee0000,0x00000000ebf00000)
  to   space 512K, 0% used [0x00000000ebe00000,0x00000000ebe00000,0x00000000ebe80000)
 ParOldGen       total 68608K, used 45749K [0x00000000c0000000, 0x00000000c4300000, 0x00000000eab00000)
  object space 68608K, 66% used [0x00000000c0000000,0x00000000c2cad6d8,0x00000000c4300000)
 Metaspace       used 62359K, committed 63424K, reserved 1114112K
  class space    used 6641K, committed 7104K, reserved 1048576K
}
Event: 9,249 GC heap before
{Heap before GC invocations=46 (full 3):
 PSYoungGen      total 18944K, used 18816K [0x00000000eab00000, 0x00000000ebf00000, 0x0000000100000000)
  eden space 18432K, 100% used [0x00000000eab00000,0x00000000ebd00000,0x00000000ebd00000)
  from space 512K, 75% used [0x00000000ebe80000,0x00000000ebee0000,0x00000000ebf00000)
  to   space 512K, 0% used [0x00000000ebe00000,0x00000000ebe00000,0x00000000ebe80000)
 ParOldGen       total 68608K, used 45749K [0x00000000c0000000, 0x00000000c4300000, 0x00000000eab00000)
  object space 68608K, 66% used [0x00000000c0000000,0x00000000c2cad6d8,0x00000000c4300000)
 Metaspace       used 62389K, committed 63424K, reserved 1114112K
  class space    used 6645K, committed 7104K, reserved 1048576K
}
Event: 9,255 GC heap after
{Heap after GC invocations=46 (full 3):
 PSYoungGen      total 18944K, used 384K [0x00000000eab00000, 0x00000000ebf00000, 0x0000000100000000)
  eden space 18432K, 0% used [0x00000000eab00000,0x00000000eab00000,0x00000000ebd00000)
  from space 512K, 75% used [0x00000000ebe00000,0x00000000ebe60000,0x00000000ebe80000)
  to   space 512K, 0% used [0x00000000ebe80000,0x00000000ebe80000,0x00000000ebf00000)
 ParOldGen       total 68608K, used 45845K [0x00000000c0000000, 0x00000000c4300000, 0x00000000eab00000)
  object space 68608K, 66% used [0x00000000c0000000,0x00000000c2cc56d8,0x00000000c4300000)
 Metaspace       used 62389K, committed 63424K, reserved 1114112K
  class space    used 6645K, committed 7104K, reserved 1048576K
}

