# JRE version: OpenJDK Runtime Environment Temurin-17.0.10+7 (17.0.10+7) (build 17.0.10+7)
# Java VM: OpenJDK 64-Bit Server VM Temurin-17.0.10+7 (17.0.10+7, mixed mode, tiered, compressed oops, compressed class ptrs, parallel gc, linux-amd64)
GC Precious Log:
 CPUs: 8 total, 8 available
 Memory: 6857M
 Large Page Support: Disabled
 NUMA Support: Disabled
 Compressed Oops: Enabled (32-bit)
 Alignments: Space 512K, Generation 512K, Heap 2M
 Heap Min Capacity: 100M
 Heap Initial Capacity: 100M
 Heap Max Capacity: 1G
 Pre-touch: Disabled
 Parallel Workers: 8
Heap:
 PSYoungGen      total 3072K, used 1004K [0x00000000eab00000, 0x00000000ebc00000, 0x0000000100000000)
  eden space 2048K, 0% used [0x00000000eab00000,0x00000000eab00000,0x00000000ead00000)
  from space 1024K, 98% used [0x00000000eb280000,0x00000000eb37b1f0,0x00000000eb380000)
  to   space 5632K, 0% used [0x00000000ead00000,0x00000000ead00000,0x00000000eb280000)
 ParOldGen       total 139264K, used 139193K [0x00000000c0000000, 0x00000000c8800000, 0x00000000eab00000)
  object space 139264K, 99% used [0x00000000c0000000,0x00000000c87ee5b8,0x00000000c8800000)
 Metaspace       used 87613K, committed 88832K, reserved 1179648K
  class space    used 9084K, committed 9600K, reserved 1048576K
GC Heap History (20 events):
Event: 320,330 GC heap after
{Heap after GC invocations=142 (full 5):
 PSYoungGen      total 7680K, used 1438K [0x00000000eab00000, 0x00000000eb500000, 0x0000000100000000)
  eden space 6144K, 0% used [0x00000000eab00000,0x00000000eab00000,0x00000000eb100000)
  from space 1536K, 93% used [0x00000000eb200000,0x00000000eb367a70,0x00000000eb380000)
  to   space 1536K, 0% used [0x00000000eb380000,0x00000000eb380000,0x00000000eb500000)
 ParOldGen       total 136192K, used 134146K [0x00000000c0000000, 0x00000000c8500000, 0x00000000eab00000)
  object space 136192K, 98% used [0x00000000c0000000,0x00000000c8300a40,0x00000000c8500000)
 Metaspace       used 87578K, committed 88832K, reserved 1179648K
  class space    used 9084K, committed 9600K, reserved 1048576K
}
Event: 320,363 GC heap before
{Heap before GC invocations=143 (full 5):
 PSYoungGen      total 7680K, used 7582K [0x00000000eab00000, 0x00000000eb500000, 0x0000000100000000)
  eden space 6144K, 100% used [0x00000000eab00000,0x00000000eb100000,0x00000000eb100000)
  from space 1536K, 93% used [0x00000000eb200000,0x00000000eb367a70,0x00000000eb380000)
  to   space 1536K, 0% used [0x00000000eb380000,0x00000000eb380000,0x00000000eb500000)
 ParOldGen       total 136192K, used 134146K [0x00000000c0000000, 0x00000000c8500000, 0x00000000eab00000)
  object space 136192K, 98% used [0x00000000c0000000,0x00000000c8300a40,0x00000000c8500000)
 Metaspace       used 87579K, committed 88832K, reserved 1179648K
  class space    used 9084K, committed 9600K, reserved 1048576K
}
Event: 320,365 GC heap after
{Heap after GC invocations=143 (full 5):
 PSYoungGen      total 7680K, used 1428K [0x00000000eab00000, 0x00000000eb500000, 0x0000000100000000)
  eden space 6144K, 0% used [0x00000000eab00000,0x00000000eab00000,0x00000000eb100000)
  from space 1536K, 92% used [0x00000000eb380000,0x00000000eb4e51c0,0x00000000eb500000)
  to   space 1536K, 0% used [0x00000000eb200000,0x00000000eb200000,0x00000000eb380000)
 ParOldGen       total 136192K, used 134146K [0x00000000c0000000, 0x00000000c8500000, 0x00000000eab00000)
  object space 136192K, 98% used [0x00000000c0000000,0x00000000c8300a40,0x00000000c8500000)
 Metaspace       used 87579K, committed 88832K, reserved 1179648K
  class space    used 9084K, committed 9600K, reserved 1048576K
}
Event: 320,392 GC heap before
{Heap before GC invocations=144 (full 5):
 PSYoungGen      total 7680K, used 7572K [0x00000000eab00000, 0x00000000eb500000, 0x0000000100000000)
  eden space 6144K, 100% used [0x00000000eab00000,0x00000000eb100000,0x00000000eb100000)
  from space 1536K, 92% used [0x00000000eb380000,0x00000000eb4e51c0,0x00000000eb500000)
  to   space 1536K, 0% used [0x00000000eb200000,0x00000000eb200000,0x00000000eb380000)
 ParOldGen       total 136192K, used 134146K [0x00000000c0000000, 0x00000000c8500000, 0x00000000eab00000)
  object space 136192K, 98% used [0x00000000c0000000,0x00000000c8300a40,0x00000000c8500000)
 Metaspace       used 87579K, committed 88832K, reserved 1179648K
  class space    used 9084K, committed 9600K, reserved 1048576K
}
Event: 320,395 GC heap after
{Heap after GC invocations=144 (full 5):
 PSYoungGen      total 7680K, used 1402K [0x00000000eab00000, 0x00000000eb400000, 0x0000000100000000)
  eden space 6144K, 0% used [0x00000000eab00000,0x00000000eab00000,0x00000000eb100000)
  from space 1536K, 91% used [0x00000000eb200000,0x00000000eb35e900,0x00000000eb380000)
  to   space 512K, 0% used [0x00000000eb380000,0x00000000eb380000,0x00000000eb400000)
 ParOldGen       total 136192K, used 134162K [0x00000000c0000000, 0x00000000c8500000, 0x00000000eab00000)
  object space 136192K, 98% used [0x00000000c0000000,0x00000000c8304a40,0x00000000c8500000)
 Metaspace       used 87579K, committed 88832K, reserved 1179648K
  class space    used 9084K, committed 9600K, reserved 1048576K
}
Event: 320,425 GC heap before
{Heap before GC invocations=145 (full 5):
 PSYoungGen      total 7680K, used 7546K [0x00000000eab00000, 0x00000000eb400000, 0x0000000100000000)
  eden space 6144K, 100% used [0x00000000eab00000,0x00000000eb100000,0x00000000eb100000)
  from space 1536K, 91% used [0x00000000eb200000,0x00000000eb35e900,0x00000000eb380000)
  to   space 512K, 0% used [0x00000000eb380000,0x00000000eb380000,0x00000000eb400000)
 ParOldGen       total 136192K, used 134162K [0x00000000c0000000, 0x00000000c8500000, 0x00000000eab00000)
  object space 136192K, 98% used [0x00000000c0000000,0x00000000c8304a40,0x00000000c8500000)
 Metaspace       used 87591K, committed 88832K, reserved 1179648K
  class space    used 9084K, committed 9600K, reserved 1048576K
}
Event: 320,427 GC heap after
{Heap after GC invocations=145 (full 5):
 PSYoungGen      total 6656K, used 500K [0x00000000eab00000, 0x00000000eb400000, 0x0000000100000000)
  eden space 6144K, 0% used [0x00000000eab00000,0x00000000eab00000,0x00000000eb100000)
  from space 512K, 97% used [0x00000000eb380000,0x00000000eb3fd1a0,0x00000000eb400000)
  to   space 1536K, 0% used [0x00000000eb100000,0x00000000eb100000,0x00000000eb280000)
 ParOldGen       total 136192K, used 135071K [0x00000000c0000000, 0x00000000c8500000, 0x00000000eab00000)
  object space 136192K, 99% used [0x00000000c0000000,0x00000000c83e7ca8,0x00000000c8500000)
 Metaspace       used 87591K, committed 88832K, reserved 1179648K
  class space    used 9084K, committed 9600K, reserved 1048576K
}
Event: 320,457 GC heap before
{Heap before GC invocations=146 (full 5):
 PSYoungGen      total 6656K, used 6644K [0x00000000eab00000, 0x00000000eb400000, 0x0000000100000000)
  eden space 6144K, 100% used [0x00000000eab00000,0x00000000eb100000,0x00000000eb100000)
  from space 512K, 97% used [0x00000000eb380000,0x00000000eb3fd1a0,0x00000000eb400000)
  to   space 1536K, 0% used [0x00000000eb100000,0x00000000eb100000,0x00000000eb280000)
 ParOldGen       total 136192K, used 135071K [0x00000000c0000000, 0x00000000c8500000, 0x00000000eab00000)
  object space 136192K, 99% used [0x00000000c0000000,0x00000000c83e7ca8,0x00000000c8500000)
 Metaspace       used 87597K, committed 88832K, reserved 1179648K
  class space    used 9084K, committed 9600K, reserved 1048576K
}
Event: 320,460 GC heap after
{Heap after GC invocations=146 (full 5):
 PSYoungGen      total 7680K, used 782K [0x00000000eab00000, 0x00000000eb400000, 0x0000000100000000)
  eden space 6144K, 0% used [0x00000000eab00000,0x00000000eab00000,0x00000000eb100000)
  from space 1536K, 50% used [0x00000000eb100000,0x00000000eb1c3a60,0x00000000eb280000)
  to   space 1024K, 0% used [0x00000000eb300000,0x00000000eb300000,0x00000000eb400000)
 ParOldGen       total 136192K, used 135087K [0x00000000c0000000, 0x00000000c8500000, 0x00000000eab00000)
  object space 136192K, 99% used [0x00000000c0000000,0x00000000c83ebca8,0x00000000c8500000)
 Metaspace       used 87597K, committed 88832K, reserved 1179648K
  class space    used 9084K, committed 9600K, reserved 1048576K
}
Event: 320,489 GC heap before
{Heap before GC invocations=147 (full 5):
 PSYoungGen      total 7680K, used 6926K [0x00000000eab00000, 0x00000000eb400000, 0x0000000100000000)
  eden space 6144K, 100% used [0x00000000eab00000,0x00000000eb100000,0x00000000eb100000)
  from space 1536K, 50% used [0x00000000eb100000,0x00000000eb1c3a60,0x00000000eb280000)
  to   space 1024K, 0% used [0x00000000eb300000,0x00000000eb300000,0x00000000eb400000)
 ParOldGen       total 136192K, used 135087K [0x00000000c0000000, 0x00000000c8500000, 0x00000000eab00000)
  object space 136192K, 99% used [0x00000000c0000000,0x00000000c83ebca8,0x00000000c8500000)
 Metaspace       used 87597K, committed 88832K, reserved 1179648K
  class space    used 9084K, committed 9600K, reserved 1048576K
}
Event: 320,490 GC heap after
{Heap after GC invocations=147 (full 5):
 PSYoungGen      total 7168K, used 756K [0x00000000eab00000, 0x00000000eb400000, 0x0000000100000000)
  eden space 6144K, 0% used [0x00000000eab00000,0x00000000eab00000,0x00000000eb100000)
  from space 1024K, 73% used [0x00000000eb300000,0x00000000eb3bd1a0,0x00000000eb400000)
  to   space 1024K, 0% used [0x00000000eb200000,0x00000000eb200000,0x00000000eb300000)
 ParOldGen       total 136192K, used 135087K [0x00000000c0000000, 0x00000000c8500000, 0x00000000eab00000)
  object space 136192K, 99% used [0x00000000c0000000,0x00000000c83ebca8,0x00000000c8500000)
 Metaspace       used 87597K, committed 88832K, reserved 1179648K
  class space    used 9084K, committed 9600K, reserved 1048576K
}
Event: 320,520 GC heap before
{Heap before GC invocations=148 (full 5):
 PSYoungGen      total 7168K, used 6900K [0x00000000eab00000, 0x00000000eb400000, 0x0000000100000000)
  eden space 6144K, 100% used [0x00000000eab00000,0x00000000eb100000,0x00000000eb100000)
  from space 1024K, 73% used [0x00000000eb300000,0x00000000eb3bd1a0,0x00000000eb400000)
  to   space 1024K, 0% used [0x00000000eb200000,0x00000000eb200000,0x00000000eb300000)
 ParOldGen       total 136192K, used 135087K [0x00000000c0000000, 0x00000000c8500000, 0x00000000eab00000)
  object space 136192K, 99% used [0x00000000c0000000,0x00000000c83ebca8,0x00000000c8500000)
 Metaspace       used 87597K, committed 88832K, reserved 1179648K
  class space    used 9084K, committed 9600K, reserved 1048576K
}
Event: 320,522 GC heap after
{Heap after GC invocations=148 (full 5):
 PSYoungGen      total 7168K, used 814K [0x00000000eab00000, 0x00000000eb380000, 0x0000000100000000)
  eden space 6144K, 0% used [0x00000000eab00000,0x00000000eab00000,0x00000000eb100000)
  from space 1024K, 79% used [0x00000000eb200000,0x00000000eb2cba60,0x00000000eb300000)
  to   space 512K, 0% used [0x00000000eb300000,0x00000000eb300000,0x00000000eb380000)
 ParOldGen       total 136192K, used 135087K [0x00000000c0000000, 0x00000000c8500000, 0x00000000eab00000)
  object space 136192K, 99% used [0x00000000c0000000,0x00000000c83ebca8,0x00000000c8500000)
 Metaspace       used 87597K, committed 88832K, reserved 1179648K
  class space    used 9084K, committed 9600K, reserved 1048576K
}
Event: 320,552 GC heap before
{Heap before GC invocations=149 (full 5):
 PSYoungGen      total 7168K, used 6958K [0x00000000eab00000, 0x00000000eb380000, 0x0000000100000000)
  eden space 6144K, 100% used [0x00000000eab00000,0x00000000eb100000,0x00000000eb100000)
  from space 1024K, 79% used [0x00000000eb200000,0x00000000eb2cba60,0x00000000eb300000)
  to   space 512K, 0% used [0x00000000eb300000,0x00000000eb300000,0x00000000eb380000)
 ParOldGen       total 136192K, used 135087K [0x00000000c0000000, 0x00000000c8500000, 0x00000000eab00000)
  object space 136192K, 99% used [0x00000000c0000000,0x00000000c83ebca8,0x00000000c8500000)
 Metaspace       used 87599K, committed 88832K, reserved 1179648K
  class space    used 9084K, committed 9600K, reserved 1048576K
}
Event: 320,554 GC heap after
{Heap after GC invocations=149 (full 5):
 PSYoungGen      total 6656K, used 512K [0x00000000eab00000, 0x00000000eb380000, 0x0000000100000000)
  eden space 6144K, 0% used [0x00000000eab00000,0x00000000eab00000,0x00000000eb100000)
  from space 512K, 100% used [0x00000000eb300000,0x00000000eb380000,0x00000000eb380000)
  to   space 1024K, 0% used [0x00000000eb180000,0x00000000eb180000,0x00000000eb280000)
 ParOldGen       total 136192K, used 135353K [0x00000000c0000000, 0x00000000c8500000, 0x00000000eab00000)
  object space 136192K, 99% used [0x00000000c0000000,0x00000000c842e538,0x00000000c8500000)
 Metaspace       used 87599K, committed 88832K, reserved 1179648K
  class space    used 9084K, committed 9600K, reserved 1048576K
}
Event: 320,586 GC heap before
{Heap before GC invocations=150 (full 5):
 PSYoungGen      total 6656K, used 6656K [0x00000000eab00000, 0x00000000eb380000, 0x0000000100000000)
  eden space 6144K, 100% used [0x00000000eab00000,0x00000000eb100000,0x00000000eb100000)
  from space 512K, 100% used [0x00000000eb300000,0x00000000eb380000,0x00000000eb380000)
  to   space 1024K, 0% used [0x00000000eb180000,0x00000000eb180000,0x00000000eb280000)
 ParOldGen       total 136192K, used 135353K [0x00000000c0000000, 0x00000000c8500000, 0x00000000eab00000)
  object space 136192K, 99% used [0x00000000c0000000,0x00000000c842e538,0x00000000c8500000)
 Metaspace       used 87600K, committed 88832K, reserved 1179648K
  class space    used 9084K, committed 9600K, reserved 1048576K
}
Event: 320,587 GC heap after
{Heap after GC invocations=150 (full 5):
 PSYoungGen      total 7168K, used 666K [0x00000000eab00000, 0x00000000eb380000, 0x0000000100000000)
  eden space 6144K, 0% used [0x00000000eab00000,0x00000000eab00000,0x00000000eb100000)
  from space 1024K, 65% used [0x00000000eb180000,0x00000000eb2268c0,0x00000000eb280000)
  to   space 1024K, 0% used [0x00000000eb280000,0x00000000eb280000,0x00000000eb380000)
 ParOldGen       total 136192K, used 135409K [0x00000000c0000000, 0x00000000c8500000, 0x00000000eab00000)
  object space 136192K, 99% used [0x00000000c0000000,0x00000000c843c538,0x00000000c8500000)
 Metaspace       used 87600K, committed 88832K, reserved 1179648K
  class space    used 9084K, committed 9600K, reserved 1048576K
}
Event: 322,241 GC heap before
{Heap before GC invocations=151 (full 5):
 PSYoungGen      total 7168K, used 6810K [0x00000000eab00000, 0x00000000eb380000, 0x0000000100000000)
  eden space 6144K, 100% used [0x00000000eab00000,0x00000000eb100000,0x00000000eb100000)
  from space 1024K, 65% used [0x00000000eb180000,0x00000000eb2268c0,0x00000000eb280000)
  to   space 1024K, 0% used [0x00000000eb280000,0x00000000eb280000,0x00000000eb380000)
 ParOldGen       total 136192K, used 135409K [0x00000000c0000000, 0x00000000c8500000, 0x00000000eab00000)
  object space 136192K, 99% used [0x00000000c0000000,0x00000000c843c538,0x00000000c8500000)
 Metaspace       used 87613K, committed 88832K, reserved 1179648K
  class space    used 9084K, committed 9600K, reserved 1048576K
}
Event: 322,246 GC heap after
{Heap after GC invocations=151 (full 5):
 PSYoungGen      total 3072K, used 1004K [0x00000000eab00000, 0x00000000ebc00000, 0x0000000100000000)
  eden space 2048K, 0% used [0x00000000eab00000,0x00000000eab00000,0x00000000ead00000)
  from space 1024K, 98% used [0x00000000eb280000,0x00000000eb37b1f0,0x00000000eb380000)
  to   space 5632K, 0% used [0x00000000ead00000,0x00000000ead00000,0x00000000eb280000)
 ParOldGen       total 139264K, used 139193K [0x00000000c0000000, 0x00000000c8800000, 0x00000000eab00000)
  object space 139264K, 99% used [0x00000000c0000000,0x00000000c87ee5b8,0x00000000c8800000)
 Metaspace       used 87613K, committed 88832K, reserved 1179648K
  class space    used 9084K, committed 9600K, reserved 1048576K
}
Event: 322,246 GC heap before
{Heap before GC invocations=152 (full 6):
 PSYoungGen      total 3072K, used 1004K [0x00000000eab00000, 0x00000000ebc00000, 0x0000000100000000)
  eden space 2048K, 0% used [0x00000000eab00000,0x00000000eab00000,0x00000000ead00000)
  from space 1024K, 98% used [0x00000000eb280000,0x00000000eb37b1f0,0x00000000eb380000)
  to   space 5632K, 0% used [0x00000000ead00000,0x00000000ead00000,0x00000000eb280000)
 ParOldGen       total 139264K, used 139193K [0x00000000c0000000, 0x00000000c8800000, 0x00000000eab00000)
  object space 139264K, 99% used [0x00000000c0000000,0x00000000c87ee5b8,0x00000000c8800000)
 Metaspace       used 87613K, committed 88832K, reserved 1179648K
  class space    used 9084K, committed 9600K, reserved 1048576K
}

