# JRE version: OpenJDK Runtime Environment Temurin-17.0.10+7 (17.0.10+7) (build 17.0.10+7)
# Java VM: OpenJDK 64-Bit Server VM Temurin-17.0.10+7 (17.0.10+7, mixed mode, tiered, compressed oops, compressed class ptrs, parallel gc, linux-amd64)
GC Precious Log:
 CPUs: 8 total, 8 available
 Memory: 6857M
 Large Page Support: Disabled
 NUMA Support: Disabled
 Compressed Oops: Enabled (32-bit)
 Alignments: Space 512K, Generation 512K, Heap 2M
 Heap Min Capacity: 100M
 Heap Initial Capacity: 100M
 Heap Max Capacity: 1G
 Pre-touch: Disabled
 Parallel Workers: 8
Heap:
 PSYoungGen      total 24064K, used 9983K [0x00000000eab00000, 0x00000000ec600000, 0x0000000100000000)
  eden space 19456K, 47% used [0x00000000eab00000,0x00000000eb3f8b50,0x00000000ebe00000)
  from space 4608K, 17% used [0x00000000ebe00000,0x00000000ebec73a8,0x00000000ec280000)
  to   space 2048K, 0% used [0x00000000ec400000,0x00000000ec400000,0x00000000ec600000)
 ParOldGen       total 490496K, used 418523K [0x00000000c0000000, 0x00000000ddf00000, 0x00000000eab00000)
  object space 490496K, 85% used [0x00000000c0000000,0x00000000d98b6e08,0x00000000ddf00000)
 Metaspace       used 79801K, committed 81024K, reserved 1179648K
  class space    used 8544K, committed 9024K, reserved 1048576K
GC Heap History (20 events):
Event: 102,088 GC heap before
{Heap before GC invocations=158 (full 12):
 PSYoungGen      total 27648K, used 27568K [0x00000000eab00000, 0x00000000ed480000, 0x0000000100000000)
  eden space 19456K, 100% used [0x00000000eab00000,0x00000000ebe00000,0x00000000ebe00000)
  from space 8192K, 99% used [0x00000000ec280000,0x00000000eca6c068,0x00000000eca80000)
  to   space 8704K, 0% used [0x00000000ecc00000,0x00000000ecc00000,0x00000000ed480000)
 ParOldGen       total 490496K, used 405287K [0x00000000c0000000, 0x00000000ddf00000, 0x00000000eab00000)
  object space 490496K, 82% used [0x00000000c0000000,0x00000000d8bc9fb8,0x00000000ddf00000)
 Metaspace       used 74481K, committed 75712K, reserved 1179648K
  class space    used 7996K, committed 8512K, reserved 1048576K
}
Event: 102,099 GC heap after
{Heap after GC invocations=158 (full 12):
 PSYoungGen      total 28160K, used 8672K [0x00000000eab00000, 0x00000000ed480000, 0x0000000100000000)
  eden space 19456K, 0% used [0x00000000eab00000,0x00000000eab00000,0x00000000ebe00000)
  from space 8704K, 99% used [0x00000000ecc00000,0x00000000ed4780b8,0x00000000ed480000)
  to   space 10240K, 0% used [0x00000000ec080000,0x00000000ec080000,0x00000000eca80000)
 ParOldGen       total 490496K, used 406391K [0x00000000c0000000, 0x00000000ddf00000, 0x00000000eab00000)
  object space 490496K, 82% used [0x00000000c0000000,0x00000000d8cddfb8,0x00000000ddf00000)
 Metaspace       used 74481K, committed 75712K, reserved 1179648K
  class space    used 7996K, committed 8512K, reserved 1048576K
}
Event: 104,878 GC heap before
{Heap before GC invocations=159 (full 12):
 PSYoungGen      total 28160K, used 28128K [0x00000000eab00000, 0x00000000ed480000, 0x0000000100000000)
  eden space 19456K, 100% used [0x00000000eab00000,0x00000000ebe00000,0x00000000ebe00000)
  from space 8704K, 99% used [0x00000000ecc00000,0x00000000ed4780b8,0x00000000ed480000)
  to   space 10240K, 0% used [0x00000000ec080000,0x00000000ec080000,0x00000000eca80000)
 ParOldGen       total 490496K, used 406391K [0x00000000c0000000, 0x00000000ddf00000, 0x00000000eab00000)
  object space 490496K, 82% used [0x00000000c0000000,0x00000000d8cddfb8,0x00000000ddf00000)
 Metaspace       used 74765K, committed 75968K, reserved 1179648K
  class space    used 7997K, committed 8512K, reserved 1048576K
}
Event: 104,890 GC heap after
{Heap after GC invocations=159 (full 12):
 PSYoungGen      total 22016K, used 2288K [0x00000000eab00000, 0x00000000ecc80000, 0x0000000100000000)
  eden space 19456K, 0% used [0x00000000eab00000,0x00000000eab00000,0x00000000ebe00000)
  from space 2560K, 89% used [0x00000000ec080000,0x00000000ec2bc0d0,0x00000000ec300000)
  to   space 5120K, 0% used [0x00000000ec780000,0x00000000ec780000,0x00000000ecc80000)
 ParOldGen       total 490496K, used 411791K [0x00000000c0000000, 0x00000000ddf00000, 0x00000000eab00000)
  object space 490496K, 83% used [0x00000000c0000000,0x00000000d9223fd0,0x00000000ddf00000)
 Metaspace       used 74765K, committed 75968K, reserved 1179648K
  class space    used 7997K, committed 8512K, reserved 1048576K
}
Event: 111,788 GC heap before
{Heap before GC invocations=160 (full 12):
 PSYoungGen      total 22016K, used 21744K [0x00000000eab00000, 0x00000000ecc80000, 0x0000000100000000)
  eden space 19456K, 100% used [0x00000000eab00000,0x00000000ebe00000,0x00000000ebe00000)
  from space 2560K, 89% used [0x00000000ec080000,0x00000000ec2bc0d0,0x00000000ec300000)
  to   space 5120K, 0% used [0x00000000ec780000,0x00000000ec780000,0x00000000ecc80000)
 ParOldGen       total 490496K, used 411791K [0x00000000c0000000, 0x00000000ddf00000, 0x00000000eab00000)
  object space 490496K, 83% used [0x00000000c0000000,0x00000000d9223fd0,0x00000000ddf00000)
 Metaspace       used 75142K, committed 76352K, reserved 1179648K
  class space    used 8003K, committed 8512K, reserved 1048576K
}
Event: 111,793 GC heap after
{Heap after GC invocations=160 (full 12):
 PSYoungGen      total 22016K, used 2176K [0x00000000eab00000, 0x00000000eca00000, 0x0000000100000000)
  eden space 19456K, 0% used [0x00000000eab00000,0x00000000eab00000,0x00000000ebe00000)
  from space 2560K, 85% used [0x00000000ec780000,0x00000000ec9a00e0,0x00000000eca00000)
  to   space 3072K, 0% used [0x00000000ec400000,0x00000000ec400000,0x00000000ec700000)
 ParOldGen       total 490496K, used 411791K [0x00000000c0000000, 0x00000000ddf00000, 0x00000000eab00000)
  object space 490496K, 83% used [0x00000000c0000000,0x00000000d9223fd0,0x00000000ddf00000)
 Metaspace       used 75142K, committed 76352K, reserved 1179648K
  class space    used 8003K, committed 8512K, reserved 1048576K
}
Event: 116,664 GC heap before
{Heap before GC invocations=161 (full 12):
 PSYoungGen      total 22016K, used 21632K [0x00000000eab00000, 0x00000000eca00000, 0x0000000100000000)
  eden space 19456K, 100% used [0x00000000eab00000,0x00000000ebe00000,0x00000000ebe00000)
  from space 2560K, 85% used [0x00000000ec780000,0x00000000ec9a00e0,0x00000000eca00000)
  to   space 3072K, 0% used [0x00000000ec400000,0x00000000ec400000,0x00000000ec700000)
 ParOldGen       total 490496K, used 411791K [0x00000000c0000000, 0x00000000ddf00000, 0x00000000eab00000)
  object space 490496K, 83% used [0x00000000c0000000,0x00000000d9223fd0,0x00000000ddf00000)
 Metaspace       used 75733K, committed 76928K, reserved 1179648K
  class space    used 8060K, committed 8576K, reserved 1048576K
}
Event: 116,670 GC heap after
{Heap after GC invocations=161 (full 12):
 PSYoungGen      total 22528K, used 2960K [0x00000000eab00000, 0x00000000ec800000, 0x0000000100000000)
  eden space 19456K, 0% used [0x00000000eab00000,0x00000000eab00000,0x00000000ebe00000)
  from space 3072K, 96% used [0x00000000ec400000,0x00000000ec6e40f0,0x00000000ec700000)
  to   space 1024K, 0% used [0x00000000ec700000,0x00000000ec700000,0x00000000ec800000)
 ParOldGen       total 490496K, used 411791K [0x00000000c0000000, 0x00000000ddf00000, 0x00000000eab00000)
  object space 490496K, 83% used [0x00000000c0000000,0x00000000d9223fd0,0x00000000ddf00000)
 Metaspace       used 75733K, committed 76928K, reserved 1179648K
  class space    used 8060K, committed 8576K, reserved 1048576K
}
Event: 121,392 GC heap before
{Heap before GC invocations=162 (full 12):
 PSYoungGen      total 22528K, used 22416K [0x00000000eab00000, 0x00000000ec800000, 0x0000000100000000)
  eden space 19456K, 100% used [0x00000000eab00000,0x00000000ebe00000,0x00000000ebe00000)
  from space 3072K, 96% used [0x00000000ec400000,0x00000000ec6e40f0,0x00000000ec700000)
  to   space 1024K, 0% used [0x00000000ec700000,0x00000000ec700000,0x00000000ec800000)
 ParOldGen       total 490496K, used 411791K [0x00000000c0000000, 0x00000000ddf00000, 0x00000000eab00000)
  object space 490496K, 83% used [0x00000000c0000000,0x00000000d9223fd0,0x00000000ddf00000)
 Metaspace       used 76341K, committed 77504K, reserved 1179648K
  class space    used 8096K, committed 8640K, reserved 1048576K
}
Event: 121,399 GC heap after
{Heap after GC invocations=162 (full 12):
 PSYoungGen      total 20480K, used 1020K [0x00000000eab00000, 0x00000000ec800000, 0x0000000100000000)
  eden space 19456K, 0% used [0x00000000eab00000,0x00000000eab00000,0x00000000ebe00000)
  from space 1024K, 99% used [0x00000000ec700000,0x00000000ec7ff3a8,0x00000000ec800000)
  to   space 4096K, 0% used [0x00000000ec000000,0x00000000ec000000,0x00000000ec400000)
 ParOldGen       total 490496K, used 414459K [0x00000000c0000000, 0x00000000ddf00000, 0x00000000eab00000)
  object space 490496K, 84% used [0x00000000c0000000,0x00000000d94bedd0,0x00000000ddf00000)
 Metaspace       used 76341K, committed 77504K, reserved 1179648K
  class space    used 8096K, committed 8640K, reserved 1048576K
}
Event: 122,017 GC heap before
{Heap before GC invocations=163 (full 12):
 PSYoungGen      total 20480K, used 20476K [0x00000000eab00000, 0x00000000ec800000, 0x0000000100000000)
  eden space 19456K, 100% used [0x00000000eab00000,0x00000000ebe00000,0x00000000ebe00000)
  from space 1024K, 99% used [0x00000000ec700000,0x00000000ec7ff3a8,0x00000000ec800000)
  to   space 4096K, 0% used [0x00000000ec000000,0x00000000ec000000,0x00000000ec400000)
 ParOldGen       total 490496K, used 414459K [0x00000000c0000000, 0x00000000ddf00000, 0x00000000eab00000)
  object space 490496K, 84% used [0x00000000c0000000,0x00000000d94bedd0,0x00000000ddf00000)
 Metaspace       used 76525K, committed 77760K, reserved 1179648K
  class space    used 8096K, committed 8640K, reserved 1048576K
}
Event: 122,021 GC heap after
{Heap after GC invocations=163 (full 12):
 PSYoungGen      total 23552K, used 956K [0x00000000eab00000, 0x00000000ec780000, 0x0000000100000000)
  eden space 19456K, 0% used [0x00000000eab00000,0x00000000eab00000,0x00000000ebe00000)
  from space 4096K, 23% used [0x00000000ec000000,0x00000000ec0ef3a8,0x00000000ec400000)
  to   space 2048K, 0% used [0x00000000ec580000,0x00000000ec580000,0x00000000ec780000)
 ParOldGen       total 490496K, used 414712K [0x00000000c0000000, 0x00000000ddf00000, 0x00000000eab00000)
  object space 490496K, 84% used [0x00000000c0000000,0x00000000d94fe1e8,0x00000000ddf00000)
 Metaspace       used 76525K, committed 77760K, reserved 1179648K
  class space    used 8096K, committed 8640K, reserved 1048576K
}
Event: 142,085 GC heap before
{Heap before GC invocations=164 (full 12):
 PSYoungGen      total 23552K, used 20412K [0x00000000eab00000, 0x00000000ec780000, 0x0000000100000000)
  eden space 19456K, 100% used [0x00000000eab00000,0x00000000ebe00000,0x00000000ebe00000)
  from space 4096K, 23% used [0x00000000ec000000,0x00000000ec0ef3a8,0x00000000ec400000)
  to   space 2048K, 0% used [0x00000000ec580000,0x00000000ec580000,0x00000000ec780000)
 ParOldGen       total 490496K, used 414712K [0x00000000c0000000, 0x00000000ddf00000, 0x00000000eab00000)
  object space 490496K, 84% used [0x00000000c0000000,0x00000000d94fe1e8,0x00000000ddf00000)
 Metaspace       used 76711K, committed 77952K, reserved 1179648K
  class space    used 8096K, committed 8640K, reserved 1048576K
}
Event: 142,092 GC heap after
{Heap after GC invocations=164 (full 12):
 PSYoungGen      total 21504K, used 1548K [0x00000000eab00000, 0x00000000ec780000, 0x0000000100000000)
  eden space 19456K, 0% used [0x00000000eab00000,0x00000000eab00000,0x00000000ebe00000)
  from space 2048K, 75% used [0x00000000ec580000,0x00000000ec7033b8,0x00000000ec780000)
  to   space 2048K, 0% used [0x00000000ec380000,0x00000000ec380000,0x00000000ec580000)
 ParOldGen       total 490496K, used 414720K [0x00000000c0000000, 0x00000000ddf00000, 0x00000000eab00000)
  object space 490496K, 84% used [0x00000000c0000000,0x00000000d95001e8,0x00000000ddf00000)
 Metaspace       used 76711K, committed 77952K, reserved 1179648K
  class space    used 8096K, committed 8640K, reserved 1048576K
}
Event: 149,051 GC heap before
{Heap before GC invocations=165 (full 12):
 PSYoungGen      total 21504K, used 21004K [0x00000000eab00000, 0x00000000ec780000, 0x0000000100000000)
  eden space 19456K, 100% used [0x00000000eab00000,0x00000000ebe00000,0x00000000ebe00000)
  from space 2048K, 75% used [0x00000000ec580000,0x00000000ec7033b8,0x00000000ec780000)
  to   space 2048K, 0% used [0x00000000ec380000,0x00000000ec380000,0x00000000ec580000)
 ParOldGen       total 490496K, used 414720K [0x00000000c0000000, 0x00000000ddf00000, 0x00000000eab00000)
  object space 490496K, 84% used [0x00000000c0000000,0x00000000d95001e8,0x00000000ddf00000)
 Metaspace       used 77867K, committed 79104K, reserved 1179648K
  class space    used 8330K, committed 8832K, reserved 1048576K
}
Event: 149,062 GC heap after
{Heap after GC invocations=165 (full 12):
 PSYoungGen      total 21504K, used 2045K [0x00000000eab00000, 0x00000000ec600000, 0x0000000100000000)
  eden space 19456K, 0% used [0x00000000eab00000,0x00000000eab00000,0x00000000ebe00000)
  from space 2048K, 99% used [0x00000000ec380000,0x00000000ec57f428,0x00000000ec580000)
  to   space 512K, 0% used [0x00000000ec580000,0x00000000ec580000,0x00000000ec600000)
 ParOldGen       total 490496K, used 414838K [0x00000000c0000000, 0x00000000ddf00000, 0x00000000eab00000)
  object space 490496K, 84% used [0x00000000c0000000,0x00000000d951db38,0x00000000ddf00000)
 Metaspace       used 77867K, committed 79104K, reserved 1179648K
  class space    used 8330K, committed 8832K, reserved 1048576K
}
Event: 167,549 GC heap before
{Heap before GC invocations=166 (full 12):
 PSYoungGen      total 21504K, used 21501K [0x00000000eab00000, 0x00000000ec600000, 0x0000000100000000)
  eden space 19456K, 100% used [0x00000000eab00000,0x00000000ebe00000,0x00000000ebe00000)
  from space 2048K, 99% used [0x00000000ec380000,0x00000000ec57f428,0x00000000ec580000)
  to   space 512K, 0% used [0x00000000ec580000,0x00000000ec580000,0x00000000ec600000)
 ParOldGen       total 490496K, used 414838K [0x00000000c0000000, 0x00000000ddf00000, 0x00000000eab00000)
  object space 490496K, 84% used [0x00000000c0000000,0x00000000d951db38,0x00000000ddf00000)
 Metaspace       used 78624K, committed 79872K, reserved 1179648K
  class space    used 8430K, committed 8960K, reserved 1048576K
}
Event: 167,558 GC heap after
{Heap after GC invocations=166 (full 12):
 PSYoungGen      total 19968K, used 512K [0x00000000eab00000, 0x00000000ec700000, 0x0000000100000000)
  eden space 19456K, 0% used [0x00000000eab00000,0x00000000eab00000,0x00000000ebe00000)
  from space 512K, 100% used [0x00000000ec580000,0x00000000ec600000,0x00000000ec600000)
  to   space 4608K, 0% used [0x00000000ebe00000,0x00000000ebe00000,0x00000000ec280000)
 ParOldGen       total 490496K, used 418347K [0x00000000c0000000, 0x00000000ddf00000, 0x00000000eab00000)
  object space 490496K, 85% used [0x00000000c0000000,0x00000000d988ae08,0x00000000ddf00000)
 Metaspace       used 78624K, committed 79872K, reserved 1179648K
  class space    used 8430K, committed 8960K, reserved 1048576K
}
Event: 173,007 GC heap before
{Heap before GC invocations=167 (full 12):
 PSYoungGen      total 19968K, used 19968K [0x00000000eab00000, 0x00000000ec700000, 0x0000000100000000)
  eden space 19456K, 100% used [0x00000000eab00000,0x00000000ebe00000,0x00000000ebe00000)
  from space 512K, 100% used [0x00000000ec580000,0x00000000ec600000,0x00000000ec600000)
  to   space 4608K, 0% used [0x00000000ebe00000,0x00000000ebe00000,0x00000000ec280000)
 ParOldGen       total 490496K, used 418347K [0x00000000c0000000, 0x00000000ddf00000, 0x00000000eab00000)
  object space 490496K, 85% used [0x00000000c0000000,0x00000000d988ae08,0x00000000ddf00000)
 Metaspace       used 79248K, committed 80512K, reserved 1179648K
  class space    used 8482K, committed 9024K, reserved 1048576K
}
Event: 173,013 GC heap after
{Heap after GC invocations=167 (full 12):
 PSYoungGen      total 24064K, used 796K [0x00000000eab00000, 0x00000000ec600000, 0x0000000100000000)
  eden space 19456K, 0% used [0x00000000eab00000,0x00000000eab00000,0x00000000ebe00000)
  from space 4608K, 17% used [0x00000000ebe00000,0x00000000ebec73a8,0x00000000ec280000)
  to   space 2048K, 0% used [0x00000000ec400000,0x00000000ec400000,0x00000000ec600000)
 ParOldGen       total 490496K, used 418523K [0x00000000c0000000, 0x00000000ddf00000, 0x00000000eab00000)
  object space 490496K, 85% used [0x00000000c0000000,0x00000000d98b6e08,0x00000000ddf00000)
 Metaspace       used 79248K, committed 80512K, reserved 1179648K
  class space    used 8482K, committed 9024K, reserved 1048576K
}

