# JRE version: OpenJDK Runtime Environment Temurin-17.0.10+7 (17.0.10+7) (build 17.0.10+7)
# Java VM: OpenJDK 64-Bit Server VM Temurin-17.0.10+7 (17.0.10+7, mixed mode, tiered, compressed oops, compressed class ptrs, parallel gc, linux-amd64)
GC Precious Log:
 CPUs: 8 total, 8 available
 Memory: 6857M
 Large Page Support: Disabled
 NUMA Support: Disabled
 Compressed Oops: Enabled (32-bit)
 Alignments: Space 512K, Generation 512K, Heap 2M
 Heap Min Capacity: 100M
 Heap Initial Capacity: 100M
 Heap Max Capacity: 1G
 Pre-touch: Disabled
 Parallel Workers: 8
Heap:
 PSYoungGen      total 18432K, used 10336K [0x00000000eab00000, 0x00000000ebe80000, 0x0000000100000000)
  eden space 16896K, 53% used [0x00000000eab00000,0x00000000eb3d8308,0x00000000ebb80000)
  from space 1536K, 83% used [0x00000000ebb80000,0x00000000ebcc0000,0x00000000ebd00000)
  to   space 1536K, 0% used [0x00000000ebd00000,0x00000000ebd00000,0x00000000ebe80000)
 ParOldGen       total 203776K, used 160070K [0x00000000c0000000, 0x00000000cc700000, 0x00000000eab00000)
  object space 203776K, 78% used [0x00000000c0000000,0x00000000c9c519a8,0x00000000cc700000)
 Metaspace       used 105980K, committed 107264K, reserved 1179648K
  class space    used 10421K, committed 11008K, reserved 1048576K
GC Heap History (20 events):
Event: 10308,881 GC heap before
{Heap before GC invocations=33107 (full 456):
 PSYoungGen      total 18432K, used 18032K [0x00000000eab00000, 0x00000000ec280000, 0x0000000100000000)
  eden space 16896K, 100% used [0x00000000eab00000,0x00000000ebb80000,0x00000000ebb80000)
  from space 1536K, 73% used [0x00000000ebc80000,0x00000000ebd9c010,0x00000000ebe00000)
  to   space 3072K, 0% used [0x00000000ebf80000,0x00000000ebf80000,0x00000000ec280000)
 ParOldGen       total 196096K, used 188011K [0x00000000c0000000, 0x00000000cbf80000, 0x00000000eab00000)
  object space 196096K, 95% used [0x00000000c0000000,0x00000000cb79adf8,0x00000000cbf80000)
 Metaspace       used 105979K, committed 107264K, reserved 1179648K
  class space    used 10421K, committed 11008K, reserved 1048576K
}
Event: 10308,885 GC heap after
{Heap after GC invocations=33107 (full 456):
 PSYoungGen      total 16896K, used 3062K [0x00000000eab00000, 0x00000000ec980000, 0x0000000100000000)
  eden space 13824K, 0% used [0x00000000eab00000,0x00000000eab00000,0x00000000eb880000)
  from space 3072K, 99% used [0x00000000ebf80000,0x00000000ec27d890,0x00000000ec280000)
  to   space 7168K, 0% used [0x00000000eb880000,0x00000000eb880000,0x00000000ebf80000)
 ParOldGen       total 196096K, used 190827K [0x00000000c0000000, 0x00000000cbf80000, 0x00000000eab00000)
  object space 196096K, 97% used [0x00000000c0000000,0x00000000cba5af90,0x00000000cbf80000)
 Metaspace       used 105979K, committed 107264K, reserved 1179648K
  class space    used 10421K, committed 11008K, reserved 1048576K
}
Event: 10308,918 GC heap before
{Heap before GC invocations=33108 (full 456):
 PSYoungGen      total 16896K, used 16886K [0x00000000eab00000, 0x00000000ec980000, 0x0000000100000000)
  eden space 13824K, 100% used [0x00000000eab00000,0x00000000eb880000,0x00000000eb880000)
  from space 3072K, 99% used [0x00000000ebf80000,0x00000000ec27d890,0x00000000ec280000)
  to   space 7168K, 0% used [0x00000000eb880000,0x00000000eb880000,0x00000000ebf80000)
 ParOldGen       total 196096K, used 190827K [0x00000000c0000000, 0x00000000cbf80000, 0x00000000eab00000)
  object space 196096K, 97% used [0x00000000c0000000,0x00000000cba5af90,0x00000000cbf80000)
 Metaspace       used 105979K, committed 107264K, reserved 1179648K
  class space    used 10421K, committed 11008K, reserved 1048576K
}
Event: 10308,923 GC heap after
{Heap after GC invocations=33108 (full 456):
 PSYoungGen      total 18944K, used 4961K [0x00000000eab00000, 0x00000000ec380000, 0x0000000100000000)
  eden space 13824K, 0% used [0x00000000eab00000,0x00000000eab00000,0x00000000eb880000)
  from space 5120K, 96% used [0x00000000eb880000,0x00000000ebd586f0,0x00000000ebd80000)
  to   space 5632K, 0% used [0x00000000ebe00000,0x00000000ebe00000,0x00000000ec380000)
 ParOldGen       total 196096K, used 193923K [0x00000000c0000000, 0x00000000cbf80000, 0x00000000eab00000)
  object space 196096K, 98% used [0x00000000c0000000,0x00000000cbd60dd8,0x00000000cbf80000)
 Metaspace       used 105979K, committed 107264K, reserved 1179648K
  class space    used 10421K, committed 11008K, reserved 1048576K
}
Event: 10308,923 GC heap before
{Heap before GC invocations=33109 (full 457):
 PSYoungGen      total 18944K, used 4961K [0x00000000eab00000, 0x00000000ec380000, 0x0000000100000000)
  eden space 13824K, 0% used [0x00000000eab00000,0x00000000eab00000,0x00000000eb880000)
  from space 5120K, 96% used [0x00000000eb880000,0x00000000ebd586f0,0x00000000ebd80000)
  to   space 5632K, 0% used [0x00000000ebe00000,0x00000000ebe00000,0x00000000ec380000)
 ParOldGen       total 196096K, used 193923K [0x00000000c0000000, 0x00000000cbf80000, 0x00000000eab00000)
  object space 196096K, 98% used [0x00000000c0000000,0x00000000cbd60dd8,0x00000000cbf80000)
 Metaspace       used 105979K, committed 107264K, reserved 1179648K
  class space    used 10421K, committed 11008K, reserved 1048576K
}
Event: 10309,062 GC heap after
{Heap after GC invocations=33109 (full 457):
 PSYoungGen      total 19456K, used 0K [0x00000000eab00000, 0x00000000ec380000, 0x0000000100000000)
  eden space 13824K, 0% used [0x00000000eab00000,0x00000000eab00000,0x00000000eb880000)
  from space 5632K, 0% used [0x00000000ebe00000,0x00000000ebe00000,0x00000000ec380000)
  to   space 5632K, 0% used [0x00000000eb880000,0x00000000eb880000,0x00000000ebe00000)
 ParOldGen       total 203776K, used 149976K [0x00000000c0000000, 0x00000000cc700000, 0x00000000eab00000)
  object space 203776K, 73% used [0x00000000c0000000,0x00000000c92762f0,0x00000000cc700000)
 Metaspace       used 105979K, committed 107264K, reserved 1179648K
  class space    used 10421K, committed 11008K, reserved 1048576K
}
Event: 10309,082 GC heap before
{Heap before GC invocations=33110 (full 457):
 PSYoungGen      total 19456K, used 13823K [0x00000000eab00000, 0x00000000ec380000, 0x0000000100000000)
  eden space 13824K, 99% used [0x00000000eab00000,0x00000000eb87ffd8,0x00000000eb880000)
  from space 5632K, 0% used [0x00000000ebe00000,0x00000000ebe00000,0x00000000ec380000)
  to   space 5632K, 0% used [0x00000000eb880000,0x00000000eb880000,0x00000000ebe00000)
 ParOldGen       total 203776K, used 149976K [0x00000000c0000000, 0x00000000cc700000, 0x00000000eab00000)
  object space 203776K, 73% used [0x00000000c0000000,0x00000000c92762f0,0x00000000cc700000)
 Metaspace       used 105980K, committed 107264K, reserved 1179648K
  class space    used 10421K, committed 11008K, reserved 1048576K
}
Event: 10309,085 GC heap after
{Heap after GC invocations=33110 (full 457):
 PSYoungGen      total 17920K, used 4048K [0x00000000eab00000, 0x00000000ec180000, 0x0000000100000000)
  eden space 13824K, 0% used [0x00000000eab00000,0x00000000eab00000,0x00000000eb880000)
  from space 4096K, 98% used [0x00000000eb880000,0x00000000ebc74280,0x00000000ebc80000)
  to   space 4608K, 0% used [0x00000000ebd00000,0x00000000ebd00000,0x00000000ec180000)
 ParOldGen       total 203776K, used 149976K [0x00000000c0000000, 0x00000000cc700000, 0x00000000eab00000)
  object space 203776K, 73% used [0x00000000c0000000,0x00000000c92762f0,0x00000000cc700000)
 Metaspace       used 105980K, committed 107264K, reserved 1179648K
  class space    used 10421K, committed 11008K, reserved 1048576K
}
Event: 10309,106 GC heap before
{Heap before GC invocations=33111 (full 457):
 PSYoungGen      total 17920K, used 17872K [0x00000000eab00000, 0x00000000ec180000, 0x0000000100000000)
  eden space 13824K, 100% used [0x00000000eab00000,0x00000000eb880000,0x00000000eb880000)
  from space 4096K, 98% used [0x00000000eb880000,0x00000000ebc74280,0x00000000ebc80000)
  to   space 4608K, 0% used [0x00000000ebd00000,0x00000000ebd00000,0x00000000ec180000)
 ParOldGen       total 203776K, used 149976K [0x00000000c0000000, 0x00000000cc700000, 0x00000000eab00000)
  object space 203776K, 73% used [0x00000000c0000000,0x00000000c92762f0,0x00000000cc700000)
 Metaspace       used 105980K, committed 107264K, reserved 1179648K
  class space    used 10421K, committed 11008K, reserved 1048576K
}
Event: 10309,112 GC heap after
{Heap after GC invocations=33111 (full 457):
 PSYoungGen      total 18432K, used 4217K [0x00000000eab00000, 0x00000000ec180000, 0x0000000100000000)
  eden space 13824K, 0% used [0x00000000eab00000,0x00000000eab00000,0x00000000eb880000)
  from space 4608K, 91% used [0x00000000ebd00000,0x00000000ec11e4c0,0x00000000ec180000)
  to   space 4608K, 0% used [0x00000000eb880000,0x00000000eb880000,0x00000000ebd00000)
 ParOldGen       total 203776K, used 153544K [0x00000000c0000000, 0x00000000cc700000, 0x00000000eab00000)
  object space 203776K, 75% used [0x00000000c0000000,0x00000000c95f2020,0x00000000cc700000)
 Metaspace       used 105980K, committed 107264K, reserved 1179648K
  class space    used 10421K, committed 11008K, reserved 1048576K
}
Event: 10309,134 GC heap before
{Heap before GC invocations=33112 (full 457):
 PSYoungGen      total 18432K, used 18041K [0x00000000eab00000, 0x00000000ec180000, 0x0000000100000000)
  eden space 13824K, 100% used [0x00000000eab00000,0x00000000eb880000,0x00000000eb880000)
  from space 4608K, 91% used [0x00000000ebd00000,0x00000000ec11e4c0,0x00000000ec180000)
  to   space 4608K, 0% used [0x00000000eb880000,0x00000000eb880000,0x00000000ebd00000)
 ParOldGen       total 203776K, used 153544K [0x00000000c0000000, 0x00000000cc700000, 0x00000000eab00000)
  object space 203776K, 75% used [0x00000000c0000000,0x00000000c95f2020,0x00000000cc700000)
 Metaspace       used 105980K, committed 107264K, reserved 1179648K
  class space    used 10421K, committed 11008K, reserved 1048576K
}
Event: 10309,138 GC heap after
{Heap after GC invocations=33112 (full 457):
 PSYoungGen      total 16384K, used 2455K [0x00000000eab00000, 0x00000000ebf80000, 0x0000000100000000)
  eden space 13824K, 0% used [0x00000000eab00000,0x00000000eab00000,0x00000000eb880000)
  from space 2560K, 95% used [0x00000000eb880000,0x00000000ebae5df0,0x00000000ebb00000)
  to   space 3584K, 0% used [0x00000000ebc00000,0x00000000ebc00000,0x00000000ebf80000)
 ParOldGen       total 203776K, used 156479K [0x00000000c0000000, 0x00000000cc700000, 0x00000000eab00000)
  object space 203776K, 76% used [0x00000000c0000000,0x00000000c98cfeb0,0x00000000cc700000)
 Metaspace       used 105980K, committed 107264K, reserved 1179648K
  class space    used 10421K, committed 11008K, reserved 1048576K
}
Event: 10309,156 GC heap before
{Heap before GC invocations=33113 (full 457):
 PSYoungGen      total 16384K, used 16279K [0x00000000eab00000, 0x00000000ebf80000, 0x0000000100000000)
  eden space 13824K, 100% used [0x00000000eab00000,0x00000000eb880000,0x00000000eb880000)
  from space 2560K, 95% used [0x00000000eb880000,0x00000000ebae5df0,0x00000000ebb00000)
  to   space 3584K, 0% used [0x00000000ebc00000,0x00000000ebc00000,0x00000000ebf80000)
 ParOldGen       total 203776K, used 156479K [0x00000000c0000000, 0x00000000cc700000, 0x00000000eab00000)
  object space 203776K, 76% used [0x00000000c0000000,0x00000000c98cfeb0,0x00000000cc700000)
 Metaspace       used 105980K, committed 107264K, reserved 1179648K
  class space    used 10421K, committed 11008K, reserved 1048576K
}
Event: 10309,159 GC heap after
{Heap after GC invocations=33113 (full 457):
 PSYoungGen      total 17408K, used 544K [0x00000000eab00000, 0x00000000ebd80000, 0x0000000100000000)
  eden space 15872K, 0% used [0x00000000eab00000,0x00000000eab00000,0x00000000eba80000)
  from space 1536K, 35% used [0x00000000ebc00000,0x00000000ebc88160,0x00000000ebd80000)
  to   space 1536K, 0% used [0x00000000eba80000,0x00000000eba80000,0x00000000ebc00000)
 ParOldGen       total 203776K, used 158335K [0x00000000c0000000, 0x00000000cc700000, 0x00000000eab00000)
  object space 203776K, 77% used [0x00000000c0000000,0x00000000c9a9fe90,0x00000000cc700000)
 Metaspace       used 105980K, committed 107264K, reserved 1179648K
  class space    used 10421K, committed 11008K, reserved 1048576K
}
Event: 10309,168 GC heap before
{Heap before GC invocations=33114 (full 457):
 PSYoungGen      total 17408K, used 16416K [0x00000000eab00000, 0x00000000ebd80000, 0x0000000100000000)
  eden space 15872K, 100% used [0x00000000eab00000,0x00000000eba80000,0x00000000eba80000)
  from space 1536K, 35% used [0x00000000ebc00000,0x00000000ebc88160,0x00000000ebd80000)
  to   space 1536K, 0% used [0x00000000eba80000,0x00000000eba80000,0x00000000ebc00000)
 ParOldGen       total 203776K, used 158335K [0x00000000c0000000, 0x00000000cc700000, 0x00000000eab00000)
  object space 203776K, 77% used [0x00000000c0000000,0x00000000c9a9fe90,0x00000000cc700000)
 Metaspace       used 105980K, committed 107264K, reserved 1179648K
  class space    used 10421K, committed 11008K, reserved 1048576K
}
Event: 10309,171 GC heap after
{Heap after GC invocations=33114 (full 457):
 PSYoungGen      total 17408K, used 192K [0x00000000eab00000, 0x00000000ebe00000, 0x0000000100000000)
  eden space 15872K, 0% used [0x00000000eab00000,0x00000000eab00000,0x00000000eba80000)
  from space 1536K, 12% used [0x00000000eba80000,0x00000000ebab0000,0x00000000ebc00000)
  to   space 512K, 0% used [0x00000000ebd80000,0x00000000ebd80000,0x00000000ebe00000)
 ParOldGen       total 203776K, used 158647K [0x00000000c0000000, 0x00000000cc700000, 0x00000000eab00000)
  object space 203776K, 77% used [0x00000000c0000000,0x00000000c9aedec8,0x00000000cc700000)
 Metaspace       used 105980K, committed 107264K, reserved 1179648K
  class space    used 10421K, committed 11008K, reserved 1048576K
}
Event: 10309,195 GC heap before
{Heap before GC invocations=33115 (full 457):
 PSYoungGen      total 17408K, used 16064K [0x00000000eab00000, 0x00000000ebe00000, 0x0000000100000000)
  eden space 15872K, 100% used [0x00000000eab00000,0x00000000eba80000,0x00000000eba80000)
  from space 1536K, 12% used [0x00000000eba80000,0x00000000ebab0000,0x00000000ebc00000)
  to   space 512K, 0% used [0x00000000ebd80000,0x00000000ebd80000,0x00000000ebe00000)
 ParOldGen       total 203776K, used 158647K [0x00000000c0000000, 0x00000000cc700000, 0x00000000eab00000)
  object space 203776K, 77% used [0x00000000c0000000,0x00000000c9aedec8,0x00000000cc700000)
 Metaspace       used 105980K, committed 107264K, reserved 1179648K
  class space    used 10421K, committed 11008K, reserved 1048576K
}
Event: 10309,197 GC heap after
{Heap after GC invocations=33115 (full 457):
 PSYoungGen      total 17408K, used 512K [0x00000000eab00000, 0x00000000ec100000, 0x0000000100000000)
  eden space 16896K, 0% used [0x00000000eab00000,0x00000000eab00000,0x00000000ebb80000)
  from space 512K, 100% used [0x00000000ebd80000,0x00000000ebe00000,0x00000000ebe00000)
  to   space 2048K, 0% used [0x00000000ebb80000,0x00000000ebb80000,0x00000000ebd80000)
 ParOldGen       total 203776K, used 159578K [0x00000000c0000000, 0x00000000cc700000, 0x00000000eab00000)
  object space 203776K, 78% used [0x00000000c0000000,0x00000000c9bd6ab8,0x00000000cc700000)
 Metaspace       used 105980K, committed 107264K, reserved 1179648K
  class space    used 10421K, committed 11008K, reserved 1048576K
}
Event: 10309,252 GC heap before
{Heap before GC invocations=33116 (full 457):
 PSYoungGen      total 17408K, used 17408K [0x00000000eab00000, 0x00000000ec100000, 0x0000000100000000)
  eden space 16896K, 100% used [0x00000000eab00000,0x00000000ebb80000,0x00000000ebb80000)
  from space 512K, 100% used [0x00000000ebd80000,0x00000000ebe00000,0x00000000ebe00000)
  to   space 2048K, 0% used [0x00000000ebb80000,0x00000000ebb80000,0x00000000ebd80000)
 ParOldGen       total 203776K, used 159578K [0x00000000c0000000, 0x00000000cc700000, 0x00000000eab00000)
  object space 203776K, 78% used [0x00000000c0000000,0x00000000c9bd6ab8,0x00000000cc700000)
 Metaspace       used 105980K, committed 107264K, reserved 1179648K
  class space    used 10421K, committed 11008K, reserved 1048576K
}
Event: 10309,254 GC heap after
{Heap after GC invocations=33116 (full 457):
 PSYoungGen      total 18432K, used 1280K [0x00000000eab00000, 0x00000000ebe80000, 0x0000000100000000)
  eden space 16896K, 0% used [0x00000000eab00000,0x00000000eab00000,0x00000000ebb80000)
  from space 1536K, 83% used [0x00000000ebb80000,0x00000000ebcc0000,0x00000000ebd00000)
  to   space 1536K, 0% used [0x00000000ebd00000,0x00000000ebd00000,0x00000000ebe80000)
 ParOldGen       total 203776K, used 160070K [0x00000000c0000000, 0x00000000cc700000, 0x00000000eab00000)
  object space 203776K, 78% used [0x00000000c0000000,0x00000000c9c519a8,0x00000000cc700000)
 Metaspace       used 105980K, committed 107264K, reserved 1179648K
  class space    used 10421K, committed 11008K, reserved 1048576K
}

