# JRE version: OpenJDK Runtime Environment Temurin-17.0.10+7 (17.0.10+7) (build 17.0.10+7)
# Java VM: OpenJDK 64-Bit Server VM Temurin-17.0.10+7 (17.0.10+7, mixed mode, tiered, compressed oops, compressed class ptrs, parallel gc, linux-amd64)
GC Precious Log:
 CPUs: 8 total, 8 available
 Memory: 6857M
 Large Page Support: Disabled
 NUMA Support: Disabled
 Compressed Oops: Enabled (32-bit)
 Alignments: Space 512K, Generation 512K, Heap 2M
 Heap Min Capacity: 100M
 Heap Initial Capacity: 100M
 Heap Max Capacity: 1G
 Pre-touch: Disabled
 Parallel Workers: 8
Heap:
 PSYoungGen      total 4096K, used 3808K [0x00000000eab00000, 0x00000000eb080000, 0x0000000100000000)
  eden space 2560K, 100% used [0x00000000eab00000,0x00000000ead80000,0x00000000ead80000)
  from space 1536K, 81% used [0x00000000eaf00000,0x00000000eb038000,0x00000000eb080000)
  to   space 1536K, 89% used [0x00000000ead80000,0x00000000eaed8040,0x00000000eaf00000)
 ParOldGen       total 98816K, used 88304K [0x00000000c0000000, 0x00000000c6080000, 0x00000000eab00000)
  object space 98816K, 89% used [0x00000000c0000000,0x00000000c563c3c0,0x00000000c6080000)
 Metaspace       used 95395K, committed 96832K, reserved 1179648K
  class space    used 9989K, committed 10688K, reserved 1048576K
GC Heap History (20 events):
Event: 563,895 GC heap after
{Heap after GC invocations=2488 (full 60):
 PSYoungGen      total 1536K, used 240K [0x00000000eab00000, 0x00000000eae00000, 0x0000000100000000)
  eden space 1024K, 0% used [0x00000000eab00000,0x00000000eab00000,0x00000000eac00000)
  from space 512K, 46% used [0x00000000ead00000,0x00000000ead3c010,0x00000000ead80000)
  to   space 512K, 0% used [0x00000000ead80000,0x00000000ead80000,0x00000000eae00000)
 ParOldGen       total 98816K, used 83093K [0x00000000c0000000, 0x00000000c6080000, 0x00000000eab00000)
  object space 98816K, 84% used [0x00000000c0000000,0x00000000c5125528,0x00000000c6080000)
 Metaspace       used 95388K, committed 96832K, reserved 1179648K
  class space    used 9989K, committed 10688K, reserved 1048576K
}
Event: 563,896 GC heap before
{Heap before GC invocations=2489 (full 60):
 PSYoungGen      total 1536K, used 1264K [0x00000000eab00000, 0x00000000eae00000, 0x0000000100000000)
  eden space 1024K, 100% used [0x00000000eab00000,0x00000000eac00000,0x00000000eac00000)
  from space 512K, 46% used [0x00000000ead00000,0x00000000ead3c010,0x00000000ead80000)
  to   space 512K, 0% used [0x00000000ead80000,0x00000000ead80000,0x00000000eae00000)
 ParOldGen       total 98816K, used 83093K [0x00000000c0000000, 0x00000000c6080000, 0x00000000eab00000)
  object space 98816K, 84% used [0x00000000c0000000,0x00000000c5125528,0x00000000c6080000)
 Metaspace       used 95388K, committed 96832K, reserved 1179648K
  class space    used 9989K, committed 10688K, reserved 1048576K
}
Event: 563,897 GC heap after
{Heap after GC invocations=2489 (full 60):
 PSYoungGen      total 2048K, used 256K [0x00000000eab00000, 0x00000000eae00000, 0x0000000100000000)
  eden space 1536K, 0% used [0x00000000eab00000,0x00000000eab00000,0x00000000eac80000)
  from space 512K, 50% used [0x00000000ead80000,0x00000000eadc0000,0x00000000eae00000)
  to   space 512K, 0% used [0x00000000ead00000,0x00000000ead00000,0x00000000ead80000)
 ParOldGen       total 98816K, used 83197K [0x00000000c0000000, 0x00000000c6080000, 0x00000000eab00000)
  object space 98816K, 84% used [0x00000000c0000000,0x00000000c513f548,0x00000000c6080000)
 Metaspace       used 95388K, committed 96832K, reserved 1179648K
  class space    used 9989K, committed 10688K, reserved 1048576K
}
Event: 563,901 GC heap before
{Heap before GC invocations=2490 (full 60):
 PSYoungGen      total 2048K, used 1792K [0x00000000eab00000, 0x00000000eae00000, 0x0000000100000000)
  eden space 1536K, 100% used [0x00000000eab00000,0x00000000eac80000,0x00000000eac80000)
  from space 512K, 50% used [0x00000000ead80000,0x00000000eadc0000,0x00000000eae00000)
  to   space 512K, 0% used [0x00000000ead00000,0x00000000ead00000,0x00000000ead80000)
 ParOldGen       total 98816K, used 83197K [0x00000000c0000000, 0x00000000c6080000, 0x00000000eab00000)
  object space 98816K, 84% used [0x00000000c0000000,0x00000000c513f548,0x00000000c6080000)
 Metaspace       used 95388K, committed 96832K, reserved 1179648K
  class space    used 9989K, committed 10688K, reserved 1048576K
}
Event: 563,903 GC heap after
{Heap after GC invocations=2490 (full 60):
 PSYoungGen      total 2560K, used 512K [0x00000000eab00000, 0x00000000eb000000, 0x0000000100000000)
  eden space 2048K, 0% used [0x00000000eab00000,0x00000000eab00000,0x00000000ead00000)
  from space 512K, 100% used [0x00000000ead00000,0x00000000ead80000,0x00000000ead80000)
  to   space 1536K, 0% used [0x00000000eae80000,0x00000000eae80000,0x00000000eb000000)
 ParOldGen       total 98816K, used 83597K [0x00000000c0000000, 0x00000000c6080000, 0x00000000eab00000)
  object space 98816K, 84% used [0x00000000c0000000,0x00000000c51a3568,0x00000000c6080000)
 Metaspace       used 95388K, committed 96832K, reserved 1179648K
  class space    used 9989K, committed 10688K, reserved 1048576K
}
Event: 563,909 GC heap before
{Heap before GC invocations=2491 (full 60):
 PSYoungGen      total 2560K, used 2560K [0x00000000eab00000, 0x00000000eb000000, 0x0000000100000000)
  eden space 2048K, 100% used [0x00000000eab00000,0x00000000ead00000,0x00000000ead00000)
  from space 512K, 100% used [0x00000000ead00000,0x00000000ead80000,0x00000000ead80000)
  to   space 1536K, 0% used [0x00000000eae80000,0x00000000eae80000,0x00000000eb000000)
 ParOldGen       total 98816K, used 83597K [0x00000000c0000000, 0x00000000c6080000, 0x00000000eab00000)
  object space 98816K, 84% used [0x00000000c0000000,0x00000000c51a3568,0x00000000c6080000)
 Metaspace       used 95388K, committed 96832K, reserved 1179648K
  class space    used 9989K, committed 10688K, reserved 1048576K
}
Event: 563,910 GC heap after
{Heap after GC invocations=2491 (full 60):
 PSYoungGen      total 3584K, used 1024K [0x00000000eab00000, 0x00000000eb080000, 0x0000000100000000)
  eden space 2048K, 0% used [0x00000000eab00000,0x00000000eab00000,0x00000000ead00000)
  from space 1536K, 66% used [0x00000000eae80000,0x00000000eaf80000,0x00000000eb000000)
  to   space 1536K, 0% used [0x00000000ead00000,0x00000000ead00000,0x00000000eae80000)
 ParOldGen       total 98816K, used 84104K [0x00000000c0000000, 0x00000000c6080000, 0x00000000eab00000)
  object space 98816K, 85% used [0x00000000c0000000,0x00000000c5222188,0x00000000c6080000)
 Metaspace       used 95388K, committed 96832K, reserved 1179648K
  class space    used 9989K, committed 10688K, reserved 1048576K
}
Event: 563,916 GC heap before
{Heap before GC invocations=2492 (full 60):
 PSYoungGen      total 3584K, used 3072K [0x00000000eab00000, 0x00000000eb080000, 0x0000000100000000)
  eden space 2048K, 100% used [0x00000000eab00000,0x00000000ead00000,0x00000000ead00000)
  from space 1536K, 66% used [0x00000000eae80000,0x00000000eaf80000,0x00000000eb000000)
  to   space 1536K, 0% used [0x00000000ead00000,0x00000000ead00000,0x00000000eae80000)
 ParOldGen       total 98816K, used 84104K [0x00000000c0000000, 0x00000000c6080000, 0x00000000eab00000)
  object space 98816K, 85% used [0x00000000c0000000,0x00000000c5222188,0x00000000c6080000)
 Metaspace       used 95388K, committed 96832K, reserved 1179648K
  class space    used 9989K, committed 10688K, reserved 1048576K
}
Event: 563,917 GC heap after
{Heap after GC invocations=2492 (full 60):
 PSYoungGen      total 3584K, used 1280K [0x00000000eab00000, 0x00000000eb080000, 0x0000000100000000)
  eden space 2048K, 0% used [0x00000000eab00000,0x00000000eab00000,0x00000000ead00000)
  from space 1536K, 83% used [0x00000000ead00000,0x00000000eae40020,0x00000000eae80000)
  to   space 1536K, 0% used [0x00000000eaf00000,0x00000000eaf00000,0x00000000eb080000)
 ParOldGen       total 98816K, used 85017K [0x00000000c0000000, 0x00000000c6080000, 0x00000000eab00000)
  object space 98816K, 86% used [0x00000000c0000000,0x00000000c53066f8,0x00000000c6080000)
 Metaspace       used 95388K, committed 96832K, reserved 1179648K
  class space    used 9989K, committed 10688K, reserved 1048576K
}
Event: 563,924 GC heap before
{Heap before GC invocations=2493 (full 60):
 PSYoungGen      total 3584K, used 3328K [0x00000000eab00000, 0x00000000eb080000, 0x0000000100000000)
  eden space 2048K, 100% used [0x00000000eab00000,0x00000000ead00000,0x00000000ead00000)
  from space 1536K, 83% used [0x00000000ead00000,0x00000000eae40020,0x00000000eae80000)
  to   space 1536K, 0% used [0x00000000eaf00000,0x00000000eaf00000,0x00000000eb080000)
 ParOldGen       total 98816K, used 85017K [0x00000000c0000000, 0x00000000c6080000, 0x00000000eab00000)
  object space 98816K, 86% used [0x00000000c0000000,0x00000000c53066f8,0x00000000c6080000)
 Metaspace       used 95388K, committed 96832K, reserved 1179648K
  class space    used 9989K, committed 10688K, reserved 1048576K
}
Event: 563,925 GC heap after
{Heap after GC invocations=2493 (full 60):
 PSYoungGen      total 4096K, used 950K [0x00000000eab00000, 0x00000000eb080000, 0x0000000100000000)
  eden space 2560K, 0% used [0x00000000eab00000,0x00000000eab00000,0x00000000ead80000)
  from space 1536K, 61% used [0x00000000eaf00000,0x00000000eafed898,0x00000000eb080000)
  to   space 1536K, 0% used [0x00000000ead80000,0x00000000ead80000,0x00000000eaf00000)
 ParOldGen       total 98816K, used 86052K [0x00000000c0000000, 0x00000000c6080000, 0x00000000eab00000)
  object space 98816K, 87% used [0x00000000c0000000,0x00000000c5409338,0x00000000c6080000)
 Metaspace       used 95388K, committed 96832K, reserved 1179648K
  class space    used 9989K, committed 10688K, reserved 1048576K
}
Event: 563,932 GC heap before
{Heap before GC invocations=2494 (full 60):
 PSYoungGen      total 4096K, used 3510K [0x00000000eab00000, 0x00000000eb080000, 0x0000000100000000)
  eden space 2560K, 100% used [0x00000000eab00000,0x00000000ead80000,0x00000000ead80000)
  from space 1536K, 61% used [0x00000000eaf00000,0x00000000eafed898,0x00000000eb080000)
  to   space 1536K, 0% used [0x00000000ead80000,0x00000000ead80000,0x00000000eaf00000)
 ParOldGen       total 98816K, used 86052K [0x00000000c0000000, 0x00000000c6080000, 0x00000000eab00000)
  object space 98816K, 87% used [0x00000000c0000000,0x00000000c5409338,0x00000000c6080000)
 Metaspace       used 95388K, committed 96832K, reserved 1179648K
  class space    used 9989K, committed 10688K, reserved 1048576K
}
Event: 563,933 GC heap after
{Heap after GC invocations=2494 (full 60):
 PSYoungGen      total 4096K, used 550K [0x00000000eab00000, 0x00000000eb000000, 0x0000000100000000)
  eden space 2560K, 0% used [0x00000000eab00000,0x00000000eab00000,0x00000000ead80000)
  from space 1536K, 35% used [0x00000000ead80000,0x00000000eae09888,0x00000000eaf00000)
  to   space 1024K, 0% used [0x00000000eaf00000,0x00000000eaf00000,0x00000000eb000000)
 ParOldGen       total 98816K, used 86116K [0x00000000c0000000, 0x00000000c6080000, 0x00000000eab00000)
  object space 98816K, 87% used [0x00000000c0000000,0x00000000c5419338,0x00000000c6080000)
 Metaspace       used 95388K, committed 96832K, reserved 1179648K
  class space    used 9989K, committed 10688K, reserved 1048576K
}
Event: 564,004 GC heap before
{Heap before GC invocations=2495 (full 60):
 PSYoungGen      total 4096K, used 3110K [0x00000000eab00000, 0x00000000eb000000, 0x0000000100000000)
  eden space 2560K, 100% used [0x00000000eab00000,0x00000000ead80000,0x00000000ead80000)
  from space 1536K, 35% used [0x00000000ead80000,0x00000000eae09888,0x00000000eaf00000)
  to   space 1024K, 0% used [0x00000000eaf00000,0x00000000eaf00000,0x00000000eb000000)
 ParOldGen       total 98816K, used 86116K [0x00000000c0000000, 0x00000000c6080000, 0x00000000eab00000)
  object space 98816K, 87% used [0x00000000c0000000,0x00000000c5419338,0x00000000c6080000)
 Metaspace       used 95388K, committed 96832K, reserved 1179648K
  class space    used 9989K, committed 10688K, reserved 1048576K
}
Event: 564,005 GC heap after
{Heap after GC invocations=2495 (full 60):
 PSYoungGen      total 3072K, used 160K [0x00000000eab00000, 0x00000000eaf80000, 0x0000000100000000)
  eden space 2560K, 0% used [0x00000000eab00000,0x00000000eab00000,0x00000000ead80000)
  from space 512K, 31% used [0x00000000eaf00000,0x00000000eaf28000,0x00000000eaf80000)
  to   space 512K, 0% used [0x00000000eae80000,0x00000000eae80000,0x00000000eaf00000)
 ParOldGen       total 98816K, used 86124K [0x00000000c0000000, 0x00000000c6080000, 0x00000000eab00000)
  object space 98816K, 87% used [0x00000000c0000000,0x00000000c541b338,0x00000000c6080000)
 Metaspace       used 95388K, committed 96832K, reserved 1179648K
  class space    used 9989K, committed 10688K, reserved 1048576K
}
Event: 564,015 GC heap before
{Heap before GC invocations=2496 (full 60):
 PSYoungGen      total 3072K, used 2720K [0x00000000eab00000, 0x00000000eaf80000, 0x0000000100000000)
  eden space 2560K, 100% used [0x00000000eab00000,0x00000000ead80000,0x00000000ead80000)
  from space 512K, 31% used [0x00000000eaf00000,0x00000000eaf28000,0x00000000eaf80000)
  to   space 512K, 0% used [0x00000000eae80000,0x00000000eae80000,0x00000000eaf00000)
 ParOldGen       total 98816K, used 86124K [0x00000000c0000000, 0x00000000c6080000, 0x00000000eab00000)
  object space 98816K, 87% used [0x00000000c0000000,0x00000000c541b338,0x00000000c6080000)
 Metaspace       used 95395K, committed 96832K, reserved 1179648K
  class space    used 9989K, committed 10688K, reserved 1048576K
}
Event: 564,017 GC heap after
{Heap after GC invocations=2496 (full 60):
 PSYoungGen      total 3072K, used 496K [0x00000000eab00000, 0x00000000eb080000, 0x0000000100000000)
  eden space 2560K, 0% used [0x00000000eab00000,0x00000000eab00000,0x00000000ead80000)
  from space 512K, 96% used [0x00000000eae80000,0x00000000eaefc010,0x00000000eaf00000)
  to   space 1536K, 0% used [0x00000000eaf00000,0x00000000eaf00000,0x00000000eb080000)
 ParOldGen       total 98816K, used 86620K [0x00000000c0000000, 0x00000000c6080000, 0x00000000eab00000)
  object space 98816K, 87% used [0x00000000c0000000,0x00000000c5497378,0x00000000c6080000)
 Metaspace       used 95395K, committed 96832K, reserved 1179648K
  class space    used 9989K, committed 10688K, reserved 1048576K
}
Event: 564,029 GC heap before
{Heap before GC invocations=2497 (full 60):
 PSYoungGen      total 3072K, used 3056K [0x00000000eab00000, 0x00000000eb080000, 0x0000000100000000)
  eden space 2560K, 100% used [0x00000000eab00000,0x00000000ead80000,0x00000000ead80000)
  from space 512K, 96% used [0x00000000eae80000,0x00000000eaefc010,0x00000000eaf00000)
  to   space 1536K, 0% used [0x00000000eaf00000,0x00000000eaf00000,0x00000000eb080000)
 ParOldGen       total 98816K, used 86620K [0x00000000c0000000, 0x00000000c6080000, 0x00000000eab00000)
  object space 98816K, 87% used [0x00000000c0000000,0x00000000c5497378,0x00000000c6080000)
 Metaspace       used 95395K, committed 96832K, reserved 1179648K
  class space    used 9989K, committed 10688K, reserved 1048576K
}
Event: 564,031 GC heap after
{Heap after GC invocations=2497 (full 60):
 PSYoungGen      total 4096K, used 1248K [0x00000000eab00000, 0x00000000eb080000, 0x0000000100000000)
  eden space 2560K, 0% used [0x00000000eab00000,0x00000000eab00000,0x00000000ead80000)
  from space 1536K, 81% used [0x00000000eaf00000,0x00000000eb038000,0x00000000eb080000)
  to   space 1536K, 0% used [0x00000000ead80000,0x00000000ead80000,0x00000000eaf00000)
 ParOldGen       total 98816K, used 87137K [0x00000000c0000000, 0x00000000c6080000, 0x00000000eab00000)
  object space 98816K, 88% used [0x00000000c0000000,0x00000000c55187b8,0x00000000c6080000)
 Metaspace       used 95395K, committed 96832K, reserved 1179648K
  class space    used 9989K, committed 10688K, reserved 1048576K
}
Event: 564,043 GC heap before
{Heap before GC invocations=2498 (full 60):
 PSYoungGen      total 4096K, used 3808K [0x00000000eab00000, 0x00000000eb080000, 0x0000000100000000)
  eden space 2560K, 100% used [0x00000000eab00000,0x00000000ead80000,0x00000000ead80000)
  from space 1536K, 81% used [0x00000000eaf00000,0x00000000eb038000,0x00000000eb080000)
  to   space 1536K, 0% used [0x00000000ead80000,0x00000000ead80000,0x00000000eaf00000)
 ParOldGen       total 98816K, used 87137K [0x00000000c0000000, 0x00000000c6080000, 0x00000000eab00000)
  object space 98816K, 88% used [0x00000000c0000000,0x00000000c55187b8,0x00000000c6080000)
 Metaspace       used 95395K, committed 96832K, reserved 1179648K
  class space    used 9989K, committed 10688K, reserved 1048576K
}

